#
# There is insufficient memory for the Java Runtime Environment to continue.
# Native memory allocation (mmap) failed to map 127926272 bytes for Failed to commit area from 0x0000000086600000 to 0x000000008e000000 of length 127926272.
# Possible reasons:
#   The system is out of physical RAM or swap space
#   The process is running with CompressedOops enabled, and the Java Heap may be blocking the growth of the native heap
# Possible solutions:
#   Reduce memory load on the system
#   Increase physical memory or swap space
#   Check if swap backing store is full
#   Decrease Java heap size (-Xmx/-Xms)
#   Decrease number of Java threads
#   Decrease Java thread stack sizes (-Xss)
#   Set larger code cache with -XX:ReservedCodeCacheSize=
# This output file may be truncated or incomplete.
#
#  Out of Memory Error (./src/hotspot/os/windows/os_windows.cpp:3386), pid=3420, tid=14880
#
# JRE version:  (11.0.17+8) (build )
# Java VM: OpenJDK 64-Bit Server VM (11.0.17+8, mixed mode, sharing, tiered, compressed oops, g1 gc, windows-amd64)
# No core dump will be written. Minidumps are not enabled by default on client versions of Windows
#

---------------  S U M M A R Y ------------

Command Line: org.jetbrains.kotlin.cli.jvm.K2JVMCompiler @C:\Users\lambl\OneDrive - University of South Carolina\Documents\GitHub\CockysCoders\node_modules\react-native-gesture-handler\android\build\20221220_16945426570711281928.compiler.options

Host: Intel(R) Core(TM) i5-1035G4 CPU @ 1.10GHz, 8 cores, 7G,  Windows 10 , 64 bit Build 19041 (10.0.19041.2364)
Time: Tue Dec 20 13:30:03 2022 Eastern Standard Time elapsed time: 0.053170 seconds (0d 0h 0m 0s)

---------------  T H R E A D  ---------------

Current thread (0x000001dbd58b4000):  JavaThread "Unknown thread" [_thread_in_vm, id=14880, stack(0x0000000cb4800000,0x0000000cb4900000)]

Stack: [0x0000000cb4800000,0x0000000cb4900000]
Native frames: (J=compiled Java code, j=interpreted, Vv=VM code, C=native code)
V  [jvm.dll+0x61f5ba]
V  [jvm.dll+0x7abf79]
V  [jvm.dll+0x7ad668]
V  [jvm.dll+0x7add43]
V  [jvm.dll+0x24fd88]
V  [jvm.dll+0x61c8ca]
V  [jvm.dll+0x611055]
V  [jvm.dll+0x307ccc]
V  [jvm.dll+0x307b52]
V  [jvm.dll+0x30c866]
V  [jvm.dll+0x352caf]
V  [jvm.dll+0x3526e0]
V  [jvm.dll+0x2e4cd8]
V  [jvm.dll+0x2e5e36]
V  [jvm.dll+0x785db7]
V  [jvm.dll+0x78753f]
V  [jvm.dll+0x35fa29]
V  [jvm.dll+0x768d20]
V  [jvm.dll+0x3cd54f]
V  [jvm.dll+0x3cf8e1]
C  [jli.dll+0x5207]
C  [ucrtbase.dll+0x21bb2]
C  [KERNEL32.DLL+0x17614]
C  [ntdll.dll+0x526a1]


---------------  P R O C E S S  ---------------

Threads class SMR info:
_java_thread_list=0x000001dbd3717ae0, length=0, elements={
}

Java Threads: ( => current thread )

Other Threads:
  0x000001dbd58ca000 GCTaskThread "GC Thread#0" [stack: 0x0000000cb4900000,0x0000000cb4a00000] [id=13436]
  0x000001dbd58f9000 ConcurrentGCThread "G1 Main Marker" [stack: 0x0000000cb4a00000,0x0000000cb4b00000] [id=3968]
  0x000001dbd58ff800 ConcurrentGCThread "G1 Conc#0" [stack: 0x0000000cb4b00000,0x0000000cb4c00000] [id=6500]

[error occurred during error reporting (printing all threads), id 0xc0000005, EXCEPTION_ACCESS_VIOLATION (0xc0000005) at pc=0x00007ffde04e44a7]

VM state:not at safepoint (not fully initialized)

VM Mutex/Monitor currently owned by a thread:  ([mutex/lock_event])
[0x000001dbd58ae130] Heap_lock - owner thread: 0x000001dbd58b4000

Heap address: 0x0000000086600000, size: 1946 MB, Compressed Oops mode: Non-zero based: 0x0000000086600000
Narrow klass base: 0x0000000000000000, Narrow klass shift: 0

GC Heap History (0 events):
No events

Deoptimization events (0 events):
No events

Classes redefined (0 events):
No events

Internal exceptions (0 events):
No events

Events (1 events):
Event: 0.028 Loaded shared library C:\Program Files\Eclipse Adoptium\jdk-11.0.17.8-hotspot\bin\zip.dll


Dynamic libraries:
0x00007ff7e2fb0000 - 0x00007ff7e2fbd000 	C:\Program Files\Eclipse Adoptium\jdk-11.0.17.8-hotspot\bin\java.exe
0x00007ffe374f0000 - 0x00007ffe376e8000 	C:\WINDOWS\SYSTEM32\ntdll.dll
0x00007ffe35ea0000 - 0x00007ffe35f5f000 	C:\WINDOWS\System32\KERNEL32.DLL
0x00007ffe34be0000 - 0x00007ffe34eb2000 	C:\WINDOWS\System32\KERNELBASE.dll
0x00007ffe35020000 - 0x00007ffe35120000 	C:\WINDOWS\System32\ucrtbase.dll
0x00007ffe2dde0000 - 0x00007ffe2ddf5000 	C:\Program Files\Eclipse Adoptium\jdk-11.0.17.8-hotspot\bin\VCRUNTIME140.dll
0x00007ffe2ead0000 - 0x00007ffe2eae7000 	C:\Program Files\Eclipse Adoptium\jdk-11.0.17.8-hotspot\bin\jli.dll
0x00007ffe37300000 - 0x00007ffe374a1000 	C:\WINDOWS\System32\USER32.dll
0x00007ffe351c0000 - 0x00007ffe351e2000 	C:\WINDOWS\System32\win32u.dll
0x00007ffe20550000 - 0x00007ffe207ea000 	C:\WINDOWS\WinSxS\amd64_microsoft.windows.common-controls_6595b64144ccf1df_6.0.19041.1110_none_60b5254171f9507e\COMCTL32.dll
0x00007ffe36600000 - 0x00007ffe3669e000 	C:\WINDOWS\System32\msvcrt.dll
0x00007ffe366a0000 - 0x00007ffe366cb000 	C:\WINDOWS\System32\GDI32.dll
0x00007ffe34ec0000 - 0x00007ffe34fcf000 	C:\WINDOWS\System32\gdi32full.dll
0x00007ffe351f0000 - 0x00007ffe3528d000 	C:\WINDOWS\System32\msvcp_win.dll
0x00007ffe365a0000 - 0x00007ffe365d2000 	C:\WINDOWS\System32\IMM32.DLL
0x00007ffe0c3a0000 - 0x00007ffe0c43b000 	C:\Program Files\Eclipse Adoptium\jdk-11.0.17.8-hotspot\bin\msvcp140.dll
0x00007ffde01f0000 - 0x00007ffde0d72000 	C:\Program Files\Eclipse Adoptium\jdk-11.0.17.8-hotspot\bin\server\jvm.dll
0x00007ffe35df0000 - 0x00007ffe35e9e000 	C:\WINDOWS\System32\ADVAPI32.dll
0x00007ffe35710000 - 0x00007ffe357ac000 	C:\WINDOWS\System32\sechost.dll
0x00007ffe36470000 - 0x00007ffe36595000 	C:\WINDOWS\System32\RPCRT4.dll
0x00007ffe35ff0000 - 0x00007ffe35ff8000 	C:\WINDOWS\System32\PSAPI.DLL
0x00007ffe207f0000 - 0x00007ffe20817000 	C:\WINDOWS\SYSTEM32\WINMM.dll
0x00007ffe2dd80000 - 0x00007ffe2dd89000 	C:\WINDOWS\SYSTEM32\WSOCK32.dll
0x00007ffe35920000 - 0x00007ffe3598b000 	C:\WINDOWS\System32\WS2_32.dll
0x00007ffe2f1d0000 - 0x00007ffe2f1da000 	C:\WINDOWS\SYSTEM32\VERSION.dll
0x00007ffe32960000 - 0x00007ffe32972000 	C:\WINDOWS\SYSTEM32\kernel.appcore.dll
0x00007ffe2dd10000 - 0x00007ffe2dd20000 	C:\Program Files\Eclipse Adoptium\jdk-11.0.17.8-hotspot\bin\verify.dll
0x00007ffe2d660000 - 0x00007ffe2d844000 	C:\WINDOWS\SYSTEM32\DBGHELP.DLL
0x00007ffe2d560000 - 0x00007ffe2d595000 	C:\WINDOWS\SYSTEM32\dbgcore.DLL
0x00007ffe35290000 - 0x00007ffe35312000 	C:\WINDOWS\System32\bcryptPrimitives.dll
0x00007ffe18550000 - 0x00007ffe18578000 	C:\Program Files\Eclipse Adoptium\jdk-11.0.17.8-hotspot\bin\java.dll
0x00007ffe2cd30000 - 0x00007ffe2cd3a000 	C:\Program Files\Eclipse Adoptium\jdk-11.0.17.8-hotspot\bin\jimage.dll
0x00007ffe185c0000 - 0x00007ffe185d8000 	C:\Program Files\Eclipse Adoptium\jdk-11.0.17.8-hotspot\bin\zip.dll

dbghelp: loaded successfully - version: 4.0.5 - missing functions: none
symbol engine: initialized successfully - sym options: 0x614 - pdb path: .;C:\Program Files\Eclipse Adoptium\jdk-11.0.17.8-hotspot\bin;C:\WINDOWS\SYSTEM32;C:\WINDOWS\WinSxS\amd64_microsoft.windows.common-controls_6595b64144ccf1df_6.0.19041.1110_none_60b5254171f9507e;C:\Program Files\Eclipse Adoptium\jdk-11.0.17.8-hotspot\bin\server

VM Arguments:
java_command: org.jetbrains.kotlin.cli.jvm.K2JVMCompiler @C:\Users\lambl\OneDrive - University of South Carolina\Documents\GitHub\CockysCoders\node_modules\react-native-gesture-handler\android\build\20221220_16945426570711281928.compiler.options
java_class_path (initial): C:\Users\lambl\.gradle\caches\modules-2\files-2.1\org.jetbrains.kotlin\kotlin-compiler-embeddable\1.6.21\97bdd5a752ce73b58ef16c17bc7f0ea2faff7a2e\kotlin-compiler-embeddable-1.6.21.jar;C:\Users\lambl\.gradle\caches\modules-2\files-2.1\org.jetbrains.kotlin\kotlin-reflect\1.6.21\5dc3574d9b7bebfcb4ec6b10ada4aaa9e140bd0b\kotlin-reflect-1.6.21.jar;C:\Users\lambl\.gradle\caches\modules-2\files-2.1\org.jetbrains.kotlin\kotlin-stdlib\1.6.21\11ef67f1900634fd951bad28c53ec957fabbe5b8\kotlin-stdlib-1.6.21.jar;C:\Users\lambl\.gradle\caches\modules-2\files-2.1\org.jetbrains.kotlin\kotlin-script-runtime\1.6.21\99c6675100da5d6d5b1c5a1032f27f28008d101b\kotlin-script-runtime-1.6.21.jar;C:\Users\lambl\.gradle\caches\modules-2\files-2.1\org.jetbrains.kotlin\kotlin-daemon-embeddable\1.6.21\46b78cf392e1c4f10854c3cadba44abb7b82250f\kotlin-daemon-embeddable-1.6.21.jar;C:\Users\lambl\.gradle\caches\modules-2\files-2.1\org.jetbrains.intellij.deps\trove4j\1.0.20200330\3afb14d5f9ceb459d724e907a21145e8ff394f02\trove4j-1.0.20200330.jar;C:\Users\lambl\.gradle\caches\modules-2\files-2.1\net.java.dev.jna\jna\5.6.0\330f2244e9030119ab3030fc3fededc86713d9cc\jna-5.6.0.jar;C:\Users\lambl\.gradle\caches\modules-2\files-2.1\org.jetbrains.kotlin\kotlin-stdlib-common\1.6.21\5e5b55c26dbc80372a920aef60eb774b714559b8\kotlin-stdlib-common-1.6.21.jar;C:\Users\lambl\.gradle\caches\modules-2\files-2.1\org.jetbrains\annotations\13.0\919f0dfe192fb4e063e7dacadee7f8bb9a2672a9\annotations-13.0.jar
Launcher Type: SUN_STANDARD

[Global flags]
     intx CICompilerCount                          = 4                                         {product} {ergonomic}
     uint ConcGCThreads                            = 2                                         {product} {ergonomic}
     uint G1ConcRefinementThreads                  = 8                                         {product} {ergonomic}
   size_t G1HeapRegionSize                         = 1048576                                   {product} {ergonomic}
    uintx GCDrainStackTargetSize                   = 64                                        {product} {ergonomic}
   size_t InitialHeapSize                          = 127926272                                 {product} {ergonomic}
   size_t MarkStackSize                            = 4194304                                   {product} {ergonomic}
   size_t MaxHeapSize                              = 2040528896                                {product} {ergonomic}
   size_t MinHeapDeltaBytes                        = 1048576                                   {product} {ergonomic}
    uintx NonNMethodCodeHeapSize                   = 5836300                                {pd product} {ergonomic}
    uintx NonProfiledCodeHeapSize                  = 122910970                              {pd product} {ergonomic}
    uintx ProfiledCodeHeapSize                     = 122910970                              {pd product} {ergonomic}
    uintx ReservedCodeCacheSize                    = 251658240                              {pd product} {ergonomic}
     bool SegmentedCodeCache                       = true                                      {product} {ergonomic}
     bool UseCompressedClassPointers               = true                                 {lp64_product} {ergonomic}
     bool UseCompressedOops                        = true                                 {lp64_product} {ergonomic}
     bool UseG1GC                                  = true                                      {product} {ergonomic}
     bool UseLargePagesIndividualAllocation        = false                                  {pd product} {ergonomic}

Logging:
Log output configuration:
 #0: stdout all=warning uptime,level,tags
 #1: stderr all=off uptime,level,tags

Environment Variables:
CLASSPATH=C:\Users\lambl\OneDrive - University of South Carolina\Documents\GitHub\CockysCoders\android\\gradle\wrapper\gradle-wrapper.jar
PATH=C:\Users\lambl\OneDrive - University of South Carolina\Documents\GitHub\CockysCoders\android\node_modules\.bin;C:\Users\lambl\OneDrive - University of South Carolina\Documents\GitHub\CockysCoders\node_modules\.bin;C:\Users\lambl\OneDrive - University of South Carolina\Documents\GitHub\node_modules\.bin;C:\Users\lambl\OneDrive - University of South Carolina\Documents\node_modules\.bin;C:\Users\lambl\OneDrive - University of South Carolina\node_modules\.bin;C:\Users\lambl\node_modules\.bin;C:\Users\node_modules\.bin;C:\node_modules\.bin;C:\Program Files\nodejs;C:\Users\lambl\OneDrive - University of South Carolina\Documents\GitHub\CockysCoders\node_modules\.bin;C:\Users\lambl\OneDrive - University of South Carolina\Documents\GitHub\CockysCoders\node_modules\.bin;C:\Users\lambl\OneDrive - University of South Carolina\Documents\GitHub\node_modules\.bin;C:\Users\lambl\OneDrive - University of South Carolina\Documents\node_modules\.bin;C:\Users\lambl\OneDrive - University of South Carolina\node_modules\.bin;C:\Users\lambl\node_modules\.bin;C:\Users\node_modules\.bin;C:\node_modules\.bin;C:\Users\lambl\AppData\Roaming\npm\node_modules\npm\node_modules\@npmcli\run-script\lib\node-gyp-bin;C:\Program Files\Eclipse Adoptium\jdk-11.0.17.8-hotspot\bin;C:\Program Files\Eclipse Adoptium\jdk-17.0.5.8-hotspot\bin;C:\Program Files\Common Files\Oracle\Java\javapath;C:\WINDOWS\system32;C:\WINDOWS;C:\WINDOWS\System32\Wbem;C:\WINDOWS\System32\WindowsPowerShell\v1.0\;C:\WINDOWS\System32\OpenSSH\;C:\Program Files\MATLAB\R2022b\bin;C:\ProgramData\chocolatey\bin;C:\Program Files\Git\cmd;C:\Program Files (x86)\MAVProxy;C:\Program Files\nodejs\;C:\Users\lambl\AppData\Roaming\npm;C:\Program Files (x86)\GNU Arm Embedded Toolchain\10 2020-q4-major\bin;C:\Users\lambl\AppData\Local\Programs\Python\Python310\Scripts\;C:\Users\lambl\AppData\Local\Programs\Python\Python310\;C:\Users\lambl\AppData\Local\Microsoft\WindowsApps;C:\Users\lambl\AppData\Local\Programs\Microsoft VS Code\bin;C:\Users\lambl\A
USERNAME=lambl
OS=Windows_NT
PROCESSOR_IDENTIFIER=Intel64 Family 6 Model 126 Stepping 5, GenuineIntel
TMP=C:\Users\lambl\AppData\Local\Temp
TEMP=C:\Users\lambl\AppData\Local\Temp



---------------  S Y S T E M  ---------------

OS: Windows 10 , 64 bit Build 19041 (10.0.19041.2364)
OS uptime: 0 days 22:37 hours
Hyper-V role detected

CPU:total 8 (initial active 8) (4 cores per cpu, 2 threads per core) family 6 model 126 stepping 5 microcode 0xb0, cmov, cx8, fxsr, mmx, sse, sse2, sse3, ssse3, sse4.1, sse4.2, popcnt, avx, avx2, aes, clmul, erms, 3dnowpref, lzcnt, ht, tsc, tscinvbit, bmi1, bmi2, adx, evex, sha, fma

Memory: 4k page, system-wide physical 7778M (280M free)
TotalPageFile size 21443M (AvailPageFile size 4M)
current process WorkingSet (physical memory assigned to process): 10M, peak: 10M
current process commit charge ("private bytes"): 60M, peak: 182M

vm_info: OpenJDK 64-Bit Server VM (11.0.17+8) for windows-amd64 JRE (11.0.17+8), built on Oct 19 2022 00:04:05 by "" with MS VC++ 15.9 (VS2017)

END.
