#
# There is insufficient memory for the Java Runtime Environment to continue.
# Native memory allocation (malloc) failed to allocate 1065136 bytes for Chunk::new
# Possible reasons:
#   The system is out of physical RAM or swap space
#   The process is running with CompressedOops enabled, and the Java Heap may be blocking the growth of the native heap
# Possible solutions:
#   Reduce memory load on the system
#   Increase physical memory or swap space
#   Check if swap backing store is full
#   Decrease Java heap size (-Xmx/-Xms)
#   Decrease number of Java threads
#   Decrease Java thread stack sizes (-Xss)
#   Set larger code cache with -XX:ReservedCodeCacheSize=
#   JVM is running with Unscaled Compressed Oops mode in which the Java heap is
#     placed in the first 4GB address space. The Java Heap base address is the
#     maximum limit for the native heap growth. Please use -XX:HeapBaseMinAddress
#     to set the Java Heap base and to place the Java Heap above 4GB virtual address.
# This output file may be truncated or incomplete.
#
#  Out of Memory Error (./src/hotspot/share/memory/arena.cpp:197), pid=3848, tid=3612
#
# JRE version: OpenJDK Runtime Environment Temurin-11.0.17+8 (11.0.17+8) (build 11.0.17+8)
# Java VM: OpenJDK 64-Bit Server VM Temurin-11.0.17+8 (11.0.17+8, mixed mode, tiered, compressed oops, g1 gc, windows-amd64)
# No core dump will be written. Minidumps are not enabled by default on client versions of Windows
#

---------------  S U M M A R Y ------------

Command Line: -XX:MaxMetaspaceSize=512m --add-opens=java.base/java.util=ALL-UNNAMED --add-opens=java.base/java.lang=ALL-UNNAMED --add-opens=java.base/java.lang.invoke=ALL-UNNAMED --add-opens=java.base/java.util=ALL-UNNAMED --add-opens=java.prefs/java.util.prefs=ALL-UNNAMED --add-opens=java.prefs/java.util.prefs=ALL-UNNAMED --add-opens=java.base/java.nio.charset=ALL-UNNAMED --add-opens=java.base/java.net=ALL-UNNAMED --add-opens=java.base/java.util.concurrent.atomic=ALL-UNNAMED -Xmx2048m -Dfile.encoding=windows-1252 -Duser.country=US -Duser.language=en -Duser.variant org.gradle.launcher.daemon.bootstrap.GradleDaemon 7.5.1

Host: Intel(R) Core(TM) i5-1035G4 CPU @ 1.10GHz, 8 cores, 7G,  Windows 10 , 64 bit Build 19041 (10.0.19041.2364)
Time: Tue Dec 20 13:30:03 2022 Eastern Standard Time elapsed time: 160.964631 seconds (0d 0h 2m 40s)

---------------  T H R E A D  ---------------

Current thread (0x000001bb7f461800):  JavaThread "C2 CompilerThread0" daemon [_thread_in_native, id=3612, stack(0x000000b00a600000,0x000000b00a700000)]


Current CompileTask:
C2: 160965 16871       4       java.lang.reflect.AccessibleObject::checkCanSetAccessible (386 bytes)

Stack: [0x000000b00a600000,0x000000b00a700000]
Native frames: (J=compiled Java code, j=interpreted, Vv=VM code, C=native code)
V  [jvm.dll+0x61f5ba]
V  [jvm.dll+0x7abf79]
V  [jvm.dll+0x7ad668]
V  [jvm.dll+0x7add43]
V  [jvm.dll+0x24fd88]
V  [jvm.dll+0xc262c]
V  [jvm.dll+0xc2bec]
V  [jvm.dll+0x359f42]
V  [jvm.dll+0x19e8a9]
V  [jvm.dll+0x209135]
V  [jvm.dll+0x20815d]
V  [jvm.dll+0x18a3b1]
V  [jvm.dll+0x217a34]
V  [jvm.dll+0x215c7b]
V  [jvm.dll+0x76ea70]
V  [jvm.dll+0x7679a4]
V  [jvm.dll+0x61e425]
C  [ucrtbase.dll+0x21bb2]
C  [KERNEL32.DLL+0x17614]
C  [ntdll.dll+0x526a1]


---------------  P R O C E S S  ---------------

Threads class SMR info:
_java_thread_list=0x000001bb24cbb7d0, length=144, elements={
0x000001bb7ba15000, 0x000001bb7f44a000, 0x000001bb7f44b800, 0x000001bb7f45b800,
0x000001bb7f45f800, 0x000001bb7f460800, 0x000001bb7f461800, 0x000001bb7f46d000,
0x000001bb7f473800, 0x000001bb1b818000, 0x000001bb1d66e800, 0x000001bb1cdad800,
0x000001bb1d319800, 0x000001bb1c6e7000, 0x000001bb1c6e7800, 0x000001bb1c64c000,
0x000001bb1c64c800, 0x000001bb1d337000, 0x000001bb1cd3c800, 0x000001bb1c707000,
0x000001bb1b73e800, 0x000001bb1b741000, 0x000001bb1b740000, 0x000001bb1b742000,
0x000001bb1b73f800, 0x000001bb1b73e000, 0x000001bb1b73c000, 0x000001bb1b742800,
0x000001bb1b73d000, 0x000001bb1f51d000, 0x000001bb1f51a000, 0x000001bb1f51e000,
0x000001bb1f51b800, 0x000001bb1f518800, 0x000001bb1f524800, 0x000001bb1f522000,
0x000001bb1f523800, 0x000001bb1f51f000, 0x000001bb1f525800, 0x000001bb1f51f800,
0x000001bb1f520800, 0x000001bb1f523000, 0x000001bb1f527000, 0x000001bb1f526000,
0x000001bb1f521000, 0x000001bb1d632800, 0x000001bb1d633800, 0x000001bb1d635000,
0x000001bb1d635800, 0x000001bb1d636800, 0x000001bb1d637800, 0x000001bb1d631800,
0x000001bb1d638000, 0x000001bb1d639000, 0x000001bb1d63a000, 0x000001bb1d634000,
0x000001bb1d63e800, 0x000001bb1d63a800, 0x000001bb1d640800, 0x000001bb1d63e000,
0x000001bb1d63f800, 0x000001bb1d63b800, 0x000001bb1d63c800, 0x000001bb1d63d000,
0x000001bb1f7fa000, 0x000001bb1f7f7800, 0x000001bb1f7f8800, 0x000001bb1f7fa800,
0x000001bb1f7f6000, 0x000001bb1f7f9000, 0x000001bb1f7f5000, 0x000001bb1f7fc800,
0x000001bb1f7fb800, 0x000001bb1f7f6800, 0x000001bb1f801800, 0x000001bb1f802000,
0x000001bb1f7fd000, 0x000001bb1f803000, 0x000001bb1f803800, 0x000001bb1f7ff000,
0x000001bb1f800800, 0x000001bb1f7ff800, 0x000001bb1d7a1000, 0x000001bb1d79d800,
0x000001bb1d79d000, 0x000001bb1d79f800, 0x000001bb1d79c000, 0x000001bb1d7a0000,
0x000001bb1d79e800, 0x000001bb1d7a3800, 0x000001bb1d7a6000, 0x000001bb1d7a4000,
0x000001bb1d7a6800, 0x000001bb1d7a7800, 0x000001bb1d7a2000, 0x000001bb1d7a8800,
0x000001bb1d7a5000, 0x000001bb1d7a2800, 0x000001bb1d7a9000, 0x000001bb1d7aa000,
0x000001bb1d7ab000, 0x000001bb21d32800, 0x000001bb21d31000, 0x000001bb21d2f000,
0x000001bb21d2d000, 0x000001bb21d31800, 0x000001bb21d33800, 0x000001bb21d2e800,
0x000001bb21d2d800, 0x000001bb21d34000, 0x000001bb21d36000, 0x000001bb21d30000,
0x000001bb21d3a800, 0x000001bb21d38000, 0x000001bb21d3b800, 0x000001bb21d39000,
0x000001bb21d37800, 0x000001bb21d3a000, 0x000001bb21d36800, 0x000001bb1dbe2000,
0x000001bb1dbe3000, 0x000001bb1dbe4800, 0x000001bb1dbe5800, 0x000001bb1dbe3800,
0x000001bb1dbdf800, 0x000001bb1dbe1000, 0x000001bb1dbe6000, 0x000001bb1dbe0800,
0x000001bb1dbe8800, 0x000001bb1dbe7000, 0x000001bb1dbe8000, 0x000001bb1dbed800,
0x000001bb1dbee800, 0x000001bb1dbec800, 0x000001bb1dbe9800, 0x000001bb1dbea000,
0x000001bb1dbeb000, 0x000001bb1dbec000, 0x000001bb1c3c7800, 0x000001bb1c3c7000,
0x000001bb1c3c6000, 0x000001bb1c3ce800, 0x000001bb1c3cc000, 0x000001bb1c3cd800
}

Java Threads: ( => current thread )
  0x000001bb7ba15000 JavaThread "main" [_thread_blocked, id=17036, stack(0x000000b009a00000,0x000000b009b00000)]
  0x000001bb7f44a000 JavaThread "Reference Handler" daemon [_thread_blocked, id=12896, stack(0x000000b00a100000,0x000000b00a200000)]
  0x000001bb7f44b800 JavaThread "Finalizer" daemon [_thread_blocked, id=13824, stack(0x000000b00a200000,0x000000b00a300000)]
  0x000001bb7f45b800 JavaThread "Signal Dispatcher" daemon [_thread_blocked, id=792, stack(0x000000b00a300000,0x000000b00a400000)]
  0x000001bb7f45f800 JavaThread "Attach Listener" daemon [_thread_blocked, id=8300, stack(0x000000b00a400000,0x000000b00a500000)]
  0x000001bb7f460800 JavaThread "Service Thread" daemon [_thread_blocked, id=6684, stack(0x000000b00a500000,0x000000b00a600000)]
=>0x000001bb7f461800 JavaThread "C2 CompilerThread0" daemon [_thread_in_native, id=3612, stack(0x000000b00a600000,0x000000b00a700000)]
  0x000001bb7f46d000 JavaThread "C1 CompilerThread0" daemon [_thread_blocked, id=7048, stack(0x000000b00a700000,0x000000b00a800000)]
  0x000001bb7f473800 JavaThread "Sweeper thread" daemon [_thread_blocked, id=7620, stack(0x000000b00a800000,0x000000b00a900000)]
  0x000001bb1b818000 JavaThread "Common-Cleaner" daemon [_thread_blocked, id=12536, stack(0x000000b00a900000,0x000000b00aa00000)]
  0x000001bb1d66e800 JavaThread "Daemon health stats" [_thread_blocked, id=5668, stack(0x000000b00ab00000,0x000000b00ac00000)]
  0x000001bb1cdad800 JavaThread "Incoming local TCP Connector on port 62542" [_thread_in_native, id=15836, stack(0x000000b00ad00000,0x000000b00ae00000)]
  0x000001bb1d319800 JavaThread "Daemon periodic checks" [_thread_blocked, id=15816, stack(0x000000b00ae00000,0x000000b00af00000)]
  0x000001bb1c6e7000 JavaThread "Daemon" [_thread_blocked, id=9932, stack(0x000000b00af00000,0x000000b00b000000)]
  0x000001bb1c6e7800 JavaThread "Handler for socket connection from /127.0.0.1:62542 to /127.0.0.1:62543" [_thread_in_native, id=5224, stack(0x000000b00b000000,0x000000b00b100000)]
  0x000001bb1c64c000 JavaThread "Cancel handler" [_thread_blocked, id=1832, stack(0x000000b00b100000,0x000000b00b200000)]
  0x000001bb1c64c800 JavaThread "Daemon worker" [_thread_blocked, id=412, stack(0x000000b00b200000,0x000000b00b300000)]
  0x000001bb1d337000 JavaThread "Asynchronous log dispatcher for DefaultDaemonConnection: socket connection from /127.0.0.1:62542 to /127.0.0.1:62543" [_thread_blocked, id=16060, stack(0x000000b00b300000,0x000000b00b400000)]
  0x000001bb1cd3c800 JavaThread "Stdin handler" [_thread_blocked, id=18264, stack(0x000000b00b400000,0x000000b00b500000)]
  0x000001bb1c707000 JavaThread "Daemon client event forwarder" [_thread_blocked, id=14264, stack(0x000000b00b500000,0x000000b00b600000)]
  0x000001bb1b73e800 JavaThread "Cache worker for journal cache (C:\Users\lambl\.gradle\caches\journal-1)" [_thread_blocked, id=18244, stack(0x000000b00bd00000,0x000000b00be00000)]
  0x000001bb1b741000 JavaThread "File lock request listener" [_thread_in_native, id=2224, stack(0x000000b00be00000,0x000000b00bf00000)]
  0x000001bb1b740000 JavaThread "Cache worker for file hash cache (C:\Users\lambl\.gradle\caches\7.5.1\fileHashes)" [_thread_blocked, id=18812, stack(0x000000b00bf00000,0x000000b00c000000)]
  0x000001bb1b742000 JavaThread "File watcher server" daemon [_thread_in_native, id=14192, stack(0x000000b00c100000,0x000000b00c200000)]
  0x000001bb1b73f800 JavaThread "File watcher consumer" daemon [_thread_blocked, id=8200, stack(0x000000b00c200000,0x000000b00c300000)]
  0x000001bb1b73e000 JavaThread "Cache worker for checksums cache (C:\Users\lambl\OneDrive - University of South Carolina\Documents\GitHub\CockysCoders\android\.gradle\7.5.1\checksums)" [_thread_blocked, id=1608, stack(0x000000b00c300000,0x000000b00c400000)]
  0x000001bb1b73c000 JavaThread "Cache worker for cache directory md-rule (C:\Users\lambl\.gradle\caches\7.5.1\md-rule)" [_thread_blocked, id=15028, stack(0x000000b00c400000,0x000000b00c500000)]
  0x000001bb1b742800 JavaThread "Cache worker for file content cache (C:\Users\lambl\.gradle\caches\7.5.1\fileContent)" [_thread_blocked, id=8176, stack(0x000000b00c500000,0x000000b00c600000)]
  0x000001bb1b73d000 JavaThread "Cache worker for file hash cache (C:\Users\lambl\OneDrive - University of South Carolina\Documents\GitHub\CockysCoders\android\.gradle\7.5.1\fileHashes)" [_thread_blocked, id=16584, stack(0x000000b00c600000,0x000000b00c700000)]
  0x000001bb1f51d000 JavaThread "Cache worker for cache directory md-supplier (C:\Users\lambl\.gradle\caches\7.5.1\md-supplier)" [_thread_blocked, id=9316, stack(0x000000b00c700000,0x000000b00c800000)]
  0x000001bb1f51a000 JavaThread "Cache worker for execution history cache (C:\Users\lambl\.gradle\caches\7.5.1\executionHistory)" [_thread_blocked, id=8784, stack(0x000000b00c800000,0x000000b00c900000)]
  0x000001bb1f51e000 JavaThread "jar transforms" [_thread_blocked, id=2588, stack(0x000000b00c900000,0x000000b00ca00000)]
  0x000001bb1f51b800 JavaThread "jar transforms Thread 2" [_thread_blocked, id=1920, stack(0x000000b00ca00000,0x000000b00cb00000)]
  0x000001bb1f518800 JavaThread "jar transforms Thread 3" [_thread_blocked, id=2496, stack(0x000000b00cb00000,0x000000b00cc00000)]
  0x000001bb1f524800 JavaThread "jar transforms Thread 4" [_thread_blocked, id=13864, stack(0x000000b00cc00000,0x000000b00cd00000)]
  0x000001bb1f522000 JavaThread "Cache worker for kotlin-dsl (C:\Users\lambl\.gradle\caches\7.5.1\kotlin-dsl)" [_thread_blocked, id=15172, stack(0x000000b00cd00000,0x000000b00ce00000)]
  0x000001bb1f523800 JavaThread "jar transforms Thread 5" [_thread_blocked, id=4440, stack(0x000000b00ce00000,0x000000b00cf00000)]
  0x000001bb1f51f000 JavaThread "jar transforms Thread 6" [_thread_blocked, id=13932, stack(0x000000b00cf00000,0x000000b00d000000)]
  0x000001bb1f525800 JavaThread "Cache worker for dependencies-accessors (C:\Users\lambl\OneDrive - University of South Carolina\Documents\GitHub\CockysCoders\android\.gradle\7.5.1\dependencies-accessors)" [_thread_blocked, id=13232, stack(0x000000b00d000000,0x000000b00d100000)]
  0x000001bb1f51f800 JavaThread "Cache worker for Build Output Cleanup Cache (C:\Users\lambl\OneDrive - University of South Carolina\Documents\GitHub\CockysCoders\node_modules\react-native-gradle-plugin\.gradle\buildOutputCleanup)" [_thread_blocked, id=2000, stack(0x000000b00d100000,0x000000b00d200000)]
  0x000001bb1f520800 JavaThread "jar transforms Thread 7" [_thread_blocked, id=15636, stack(0x000000b00d200000,0x000000b00d300000)]
  0x000001bb1f523000 JavaThread "Unconstrained build operations" [_thread_blocked, id=7756, stack(0x000000b00d300000,0x000000b00d400000)]
  0x000001bb1f527000 JavaThread "Unconstrained build operations Thread 2" [_thread_blocked, id=16896, stack(0x000000b00d400000,0x000000b00d500000)]
  0x000001bb1f526000 JavaThread "Unconstrained build operations Thread 3" [_thread_blocked, id=15556, stack(0x000000b00d500000,0x000000b00d600000)]
  0x000001bb1f521000 JavaThread "Unconstrained build operations Thread 4" [_thread_blocked, id=19416, stack(0x000000b00d600000,0x000000b00d700000)]
  0x000001bb1d632800 JavaThread "Unconstrained build operations Thread 5" [_thread_blocked, id=16392, stack(0x000000b00d700000,0x000000b00d800000)]
  0x000001bb1d633800 JavaThread "Unconstrained build operations Thread 6" [_thread_blocked, id=328, stack(0x000000b00d800000,0x000000b00d900000)]
  0x000001bb1d635000 JavaThread "Unconstrained build operations Thread 7" [_thread_blocked, id=12292, stack(0x000000b00d900000,0x000000b00da00000)]
  0x000001bb1d635800 JavaThread "Unconstrained build operations Thread 8" [_thread_blocked, id=10228, stack(0x000000b00da00000,0x000000b00db00000)]
  0x000001bb1d636800 JavaThread "Unconstrained build operations Thread 9" [_thread_blocked, id=12388, stack(0x000000b00db00000,0x000000b00dc00000)]
  0x000001bb1d637800 JavaThread "Unconstrained build operations Thread 10" [_thread_blocked, id=15660, stack(0x000000b00dc00000,0x000000b00dd00000)]
  0x000001bb1d631800 JavaThread "Unconstrained build operations Thread 11" [_thread_blocked, id=16668, stack(0x000000b00dd00000,0x000000b00de00000)]
  0x000001bb1d638000 JavaThread "Unconstrained build operations Thread 12" [_thread_blocked, id=3444, stack(0x000000b00de00000,0x000000b00df00000)]
  0x000001bb1d639000 JavaThread "Unconstrained build operations Thread 13" [_thread_blocked, id=404, stack(0x000000b00df00000,0x000000b00e000000)]
  0x000001bb1d63a000 JavaThread "Unconstrained build operations Thread 14" [_thread_blocked, id=10004, stack(0x000000b00e000000,0x000000b00e100000)]
  0x000001bb1d634000 JavaThread "Unconstrained build operations Thread 15" [_thread_blocked, id=432, stack(0x000000b00e100000,0x000000b00e200000)]
  0x000001bb1d63e800 JavaThread "Unconstrained build operations Thread 16" [_thread_blocked, id=12544, stack(0x000000b00e200000,0x000000b00e300000)]
  0x000001bb1d63a800 JavaThread "Unconstrained build operations Thread 17" [_thread_blocked, id=8708, stack(0x000000b00e300000,0x000000b00e400000)]
  0x000001bb1d640800 JavaThread "Unconstrained build operations Thread 18" [_thread_blocked, id=14052, stack(0x000000b00e400000,0x000000b00e500000)]
  0x000001bb1d63e000 JavaThread "Unconstrained build operations Thread 19" [_thread_blocked, id=15328, stack(0x000000b00e500000,0x000000b00e600000)]
  0x000001bb1d63f800 JavaThread "Unconstrained build operations Thread 20" [_thread_blocked, id=16972, stack(0x000000b00e600000,0x000000b00e700000)]
  0x000001bb1d63b800 JavaThread "Unconstrained build operations Thread 21" [_thread_blocked, id=2784, stack(0x000000b00e700000,0x000000b00e800000)]
  0x000001bb1d63c800 JavaThread "Unconstrained build operations Thread 22" [_thread_blocked, id=6076, stack(0x000000b00e800000,0x000000b00e900000)]
  0x000001bb1d63d000 JavaThread "Unconstrained build operations Thread 23" [_thread_blocked, id=9792, stack(0x000000b00e900000,0x000000b00ea00000)]
  0x000001bb1f7fa000 JavaThread "Unconstrained build operations Thread 24" [_thread_blocked, id=4476, stack(0x000000b00ea00000,0x000000b00eb00000)]
  0x000001bb1f7f7800 JavaThread "Unconstrained build operations Thread 25" [_thread_blocked, id=14360, stack(0x000000b00eb00000,0x000000b00ec00000)]
  0x000001bb1f7f8800 JavaThread "Unconstrained build operations Thread 26" [_thread_blocked, id=13816, stack(0x000000b00ec00000,0x000000b00ed00000)]
  0x000001bb1f7fa800 JavaThread "Unconstrained build operations Thread 27" [_thread_blocked, id=10456, stack(0x000000b00ed00000,0x000000b00ee00000)]
  0x000001bb1f7f6000 JavaThread "Unconstrained build operations Thread 28" [_thread_blocked, id=9800, stack(0x000000b00ee00000,0x000000b00ef00000)]
  0x000001bb1f7f9000 JavaThread "Unconstrained build operations Thread 29" [_thread_blocked, id=3076, stack(0x000000b00ef00000,0x000000b00f000000)]
  0x000001bb1f7f5000 JavaThread "Unconstrained build operations Thread 30" [_thread_blocked, id=17280, stack(0x000000b00f000000,0x000000b00f100000)]
  0x000001bb1f7fc800 JavaThread "Unconstrained build operations Thread 31" [_thread_blocked, id=4028, stack(0x000000b00f100000,0x000000b00f200000)]
  0x000001bb1f7fb800 JavaThread "Unconstrained build operations Thread 32" [_thread_blocked, id=19212, stack(0x000000b00f200000,0x000000b00f300000)]
  0x000001bb1f7f6800 JavaThread "Unconstrained build operations Thread 33" [_thread_blocked, id=11868, stack(0x000000b00f300000,0x000000b00f400000)]
  0x000001bb1f801800 JavaThread "jar transforms Thread 8" [_thread_blocked, id=13520, stack(0x000000b00f400000,0x000000b00f500000)]
  0x000001bb1f802000 JavaThread "build event listener" [_thread_blocked, id=7632, stack(0x000000b00f500000,0x000000b00f600000)]
  0x000001bb1f7fd000 JavaThread "Memory manager" [_thread_blocked, id=18508, stack(0x000000b00f600000,0x000000b00f700000)]
  0x000001bb1f803000 JavaThread "Cache worker for Build Output Cleanup Cache (C:\Users\lambl\OneDrive - University of South Carolina\Documents\GitHub\CockysCoders\android\.gradle\buildOutputCleanup)" [_thread_blocked, id=1508, stack(0x000000b00f900000,0x000000b00fa00000)]
  0x000001bb1f803800 JavaThread "included builds" [_thread_in_Java, id=19092, stack(0x000000b00fa00000,0x000000b00fb00000)]
  0x000001bb1f7ff000 JavaThread "Execution worker" [_thread_blocked, id=15772, stack(0x000000b00fb00000,0x000000b00fc00000)]
  0x000001bb1f800800 JavaThread "Execution worker Thread 2" [_thread_in_Java, id=7596, stack(0x000000b00fc00000,0x000000b00fd00000)]
  0x000001bb1f7ff800 JavaThread "Execution worker Thread 3" [_thread_blocked, id=17164, stack(0x000000b00fd00000,0x000000b00fe00000)]
  0x000001bb1d7a1000 JavaThread "Execution worker Thread 4" [_thread_blocked, id=16280, stack(0x000000b00fe00000,0x000000b00ff00000)]
  0x000001bb1d79d800 JavaThread "Execution worker Thread 5" [_thread_blocked, id=8280, stack(0x000000b00ff00000,0x000000b010000000)]
  0x000001bb1d79d000 JavaThread "Execution worker Thread 6" [_thread_blocked, id=6608, stack(0x000000b010000000,0x000000b010100000)]
  0x000001bb1d79f800 JavaThread "Execution worker Thread 7" [_thread_blocked, id=6824, stack(0x000000b010100000,0x000000b010200000)]
  0x000001bb1d79c000 JavaThread "Cache worker for execution history cache (C:\Users\lambl\OneDrive - University of South Carolina\Documents\GitHub\CockysCoders\node_modules\react-native-gradle-plugin\.gradle\7.5.1\executionHistory)" [_thread_blocked, id=512, stack(0x000000b010200000,0x000000b010300000)]
  0x000001bb1d7a0000 JavaThread "Unconstrained build operations Thread 34" [_thread_blocked, id=17288, stack(0x000000b010300000,0x000000b010400000)]
  0x000001bb1d79e800 JavaThread "Unconstrained build operations Thread 35" [_thread_blocked, id=16360, stack(0x000000b010400000,0x000000b010500000)]
  0x000001bb1d7a3800 JavaThread "Unconstrained build operations Thread 36" [_thread_blocked, id=18480, stack(0x000000b010500000,0x000000b010600000)]
  0x000001bb1d7a6000 JavaThread "Unconstrained build operations Thread 37" [_thread_blocked, id=8480, stack(0x000000b010600000,0x000000b010700000)]
  0x000001bb1d7a4000 JavaThread "Unconstrained build operations Thread 38" [_thread_blocked, id=17880, stack(0x000000b010700000,0x000000b010800000)]
  0x000001bb1d7a6800 JavaThread "Unconstrained build operations Thread 39" [_thread_blocked, id=13712, stack(0x000000b010800000,0x000000b010900000)]
  0x000001bb1d7a7800 JavaThread "Unconstrained build operations Thread 40" [_thread_blocked, id=452, stack(0x000000b010900000,0x000000b010a00000)]
  0x000001bb1d7a2000 JavaThread "Unconstrained build operations Thread 41" [_thread_blocked, id=19016, stack(0x000000b010a00000,0x000000b010b00000)]
  0x000001bb1d7a8800 JavaThread "Unconstrained build operations Thread 42" [_thread_blocked, id=15004, stack(0x000000b010b00000,0x000000b010c00000)]
  0x000001bb1d7a5000 JavaThread "Unconstrained build operations Thread 43" [_thread_blocked, id=13720, stack(0x000000b010c00000,0x000000b010d00000)]
  0x000001bb1d7a2800 JavaThread "Unconstrained build operations Thread 44" [_thread_blocked, id=15696, stack(0x000000b010d00000,0x000000b010e00000)]
  0x000001bb1d7a9000 JavaThread "Unconstrained build operations Thread 45" [_thread_blocked, id=14736, stack(0x000000b010e00000,0x000000b010f00000)]
  0x000001bb1d7aa000 JavaThread "Unconstrained build operations Thread 46" [_thread_blocked, id=17296, stack(0x000000b010f00000,0x000000b011000000)]
  0x000001bb1d7ab000 JavaThread "Unconstrained build operations Thread 47" [_thread_blocked, id=13564, stack(0x000000b011000000,0x000000b011100000)]
  0x000001bb21d32800 JavaThread "Unconstrained build operations Thread 48" [_thread_blocked, id=14984, stack(0x000000b011100000,0x000000b011200000)]
  0x000001bb21d31000 JavaThread "Unconstrained build operations Thread 49" [_thread_blocked, id=18356, stack(0x000000b011200000,0x000000b011300000)]
  0x000001bb21d2f000 JavaThread "Unconstrained build operations Thread 50" [_thread_blocked, id=10460, stack(0x000000b011300000,0x000000b011400000)]
  0x000001bb21d2d000 JavaThread "Unconstrained build operations Thread 51" [_thread_blocked, id=1552, stack(0x000000b011400000,0x000000b011500000)]
  0x000001bb21d31800 JavaThread "Unconstrained build operations Thread 52" [_thread_blocked, id=13532, stack(0x000000b011500000,0x000000b011600000)]
  0x000001bb21d33800 JavaThread "Unconstrained build operations Thread 53" [_thread_blocked, id=15140, stack(0x000000b011600000,0x000000b011700000)]
  0x000001bb21d2e800 JavaThread "Unconstrained build operations Thread 54" [_thread_blocked, id=8780, stack(0x000000b011700000,0x000000b011800000)]
  0x000001bb21d2d800 JavaThread "Unconstrained build operations Thread 55" [_thread_blocked, id=10784, stack(0x000000b011800000,0x000000b011900000)]
  0x000001bb21d34000 JavaThread "RMI Scheduler(0)" daemon [_thread_blocked, id=11368, stack(0x000000b011900000,0x000000b011a00000)]
  0x000001bb21d36000 JavaThread "RMI GC Daemon" daemon [_thread_blocked, id=14232, stack(0x000000b011b00000,0x000000b011c00000)]
  0x000001bb21d30000 JavaThread "RMI TCP Accept-0" daemon [_thread_in_native, id=14524, stack(0x000000b011c00000,0x000000b011d00000)]
  0x000001bb21d3a800 JavaThread "RMI Reaper" [_thread_blocked, id=14884, stack(0x000000b011d00000,0x000000b011e00000)]
  0x000001bb21d38000 JavaThread "RMI TCP Connection(idle)" daemon [_thread_blocked, id=16148, stack(0x000000b011e00000,0x000000b011f00000)]
  0x000001bb21d3b800 JavaThread "Unconstrained build operations Thread 56" [_thread_blocked, id=9660, stack(0x000000b009700000,0x000000b009800000)]
  0x000001bb21d39000 JavaThread "Unconstrained build operations Thread 57" [_thread_blocked, id=9184, stack(0x000000b009800000,0x000000b009900000)]
  0x000001bb21d37800 JavaThread "Unconstrained build operations Thread 58" [_thread_blocked, id=13476, stack(0x000000b009900000,0x000000b009a00000)]
  0x000001bb21d3a000 JavaThread "Unconstrained build operations Thread 59" [_thread_blocked, id=9464, stack(0x000000b011f00000,0x000000b012000000)]
  0x000001bb21d36800 JavaThread "Unconstrained build operations Thread 60" [_thread_blocked, id=7728, stack(0x000000b012000000,0x000000b012100000)]
  0x000001bb1dbe2000 JavaThread "Unconstrained build operations Thread 61" [_thread_blocked, id=11828, stack(0x000000b012100000,0x000000b012200000)]
  0x000001bb1dbe3000 JavaThread "Unconstrained build operations Thread 62" [_thread_blocked, id=18108, stack(0x000000b012200000,0x000000b012300000)]
  0x000001bb1dbe4800 JavaThread "Unconstrained build operations Thread 63" [_thread_blocked, id=9028, stack(0x000000b012300000,0x000000b012400000)]
  0x000001bb1dbe5800 JavaThread "Unconstrained build operations Thread 64" [_thread_blocked, id=12376, stack(0x000000b012400000,0x000000b012500000)]
  0x000001bb1dbe3800 JavaThread "Unconstrained build operations Thread 65" [_thread_blocked, id=17088, stack(0x000000b012500000,0x000000b012600000)]
  0x000001bb1dbdf800 JavaThread "Unconstrained build operations Thread 66" [_thread_blocked, id=18696, stack(0x000000b012600000,0x000000b012700000)]
  0x000001bb1dbe1000 JavaThread "Unconstrained build operations Thread 67" [_thread_blocked, id=16024, stack(0x000000b012700000,0x000000b012800000)]
  0x000001bb1dbe6000 JavaThread "Unconstrained build operations Thread 68" [_thread_blocked, id=19084, stack(0x000000b012800000,0x000000b012900000)]
  0x000001bb1dbe0800 JavaThread "Unconstrained build operations Thread 69" [_thread_blocked, id=14684, stack(0x000000b012900000,0x000000b012a00000)]
  0x000001bb1dbe8800 JavaThread "Unconstrained build operations Thread 70" [_thread_blocked, id=14556, stack(0x000000b012a00000,0x000000b012b00000)]
  0x000001bb1dbe7000 JavaThread "Unconstrained build operations Thread 71" [_thread_blocked, id=19348, stack(0x000000b012b00000,0x000000b012c00000)]
  0x000001bb1dbe8000 JavaThread "Unconstrained build operations Thread 72" [_thread_blocked, id=1468, stack(0x000000b012c00000,0x000000b012d00000)]
  0x000001bb1dbed800 JavaThread "Unconstrained build operations Thread 73" [_thread_blocked, id=16772, stack(0x000000b012d00000,0x000000b012e00000)]
  0x000001bb1dbee800 JavaThread "Unconstrained build operations Thread 74" [_thread_blocked, id=6656, stack(0x000000b012e00000,0x000000b012f00000)]
  0x000001bb1dbec800 JavaThread "Unconstrained build operations Thread 75" [_thread_blocked, id=17172, stack(0x000000b012f00000,0x000000b013000000)]
  0x000001bb1dbe9800 JavaThread "Unconstrained build operations Thread 76" [_thread_blocked, id=7100, stack(0x000000b013000000,0x000000b013100000)]
  0x000001bb1dbea000 JavaThread "Unconstrained build operations Thread 77" [_thread_blocked, id=15452, stack(0x000000b013100000,0x000000b013200000)]
  0x000001bb1dbeb000 JavaThread "Unconstrained build operations Thread 78" [_thread_blocked, id=13424, stack(0x000000b013200000,0x000000b013300000)]
  0x000001bb1dbec000 JavaThread "Unconstrained build operations Thread 79" [_thread_blocked, id=18168, stack(0x000000b013300000,0x000000b013400000)]
  0x000001bb1c3c7800 JavaThread "Unconstrained build operations Thread 80" [_thread_blocked, id=4268, stack(0x000000b013400000,0x000000b013500000)]
  0x000001bb1c3c7000 JavaThread "build event listener" [_thread_blocked, id=7432, stack(0x000000b011a00000,0x000000b011b00000)]
  0x000001bb1c3c6000 JavaThread "pool-3-thread-1" [_thread_blocked, id=13244, stack(0x000000b00f700000,0x000000b00f800000)]
  0x000001bb1c3ce800 JavaThread "build event listener" [_thread_blocked, id=3232, stack(0x000000b00f800000,0x000000b00f900000)]
  0x000001bb1c3cc000 JavaThread "Cache worker for execution history cache (C:\Users\lambl\OneDrive - University of South Carolina\Documents\GitHub\CockysCoders\android\.gradle\7.5.1\executionHistory)" [_thread_blocked, id=15236, stack(0x000000b013900000,0x000000b013a00000)]
  0x000001bb1c3cd800 JavaThread "WorkerExecutor Queue" [_thread_blocked, id=13404, stack(0x000000b013a00000,0x000000b013b00000)]

Other Threads:
  0x000001bb7f438000 VMThread "VM Thread" [stack: 0x000000b00a000000,0x000000b00a100000] [id=15052]
  0x000001bb1b870000 WatcherThread [stack: 0x000000b00aa00000,0x000000b00ab00000] [id=11732]
  0x000001bb7ba2d800 GCTaskThread "GC Thread#0" [stack: 0x000000b009b00000,0x000000b009c00000] [id=17872]
  0x000001bb1c10a800 GCTaskThread "GC Thread#1" [stack: 0x000000b00ac00000,0x000000b00ad00000] [id=12508]
  0x000001bb1b856000 GCTaskThread "GC Thread#2" [stack: 0x000000b00b600000,0x000000b00b700000] [id=9592]
  0x000001bb1c61d000 GCTaskThread "GC Thread#3" [stack: 0x000000b00b700000,0x000000b00b800000] [id=1448]
  0x000001bb1d525800 GCTaskThread "GC Thread#4" [stack: 0x000000b00b800000,0x000000b00b900000] [id=10668]
  0x000001bb1b840000 GCTaskThread "GC Thread#5" [stack: 0x000000b00b900000,0x000000b00ba00000] [id=17012]
  0x000001bb1b840800 GCTaskThread "GC Thread#6" [stack: 0x000000b00ba00000,0x000000b00bb00000] [id=7652]
  0x000001bb1b841800 GCTaskThread "GC Thread#7" [stack: 0x000000b00bb00000,0x000000b00bc00000] [id=13512]
  0x000001bb7ba5f800 ConcurrentGCThread "G1 Main Marker" [stack: 0x000000b009c00000,0x000000b009d00000] [id=19340]
  0x000001bb7ba61000 ConcurrentGCThread "G1 Conc#0" [stack: 0x000000b009d00000,0x000000b009e00000] [id=17400]
  0x000001bb1d520000 ConcurrentGCThread "G1 Conc#1" [stack: 0x000000b00c000000,0x000000b00c100000] [id=13556]
  0x000001bb7baee000 ConcurrentGCThread "G1 Refine#0" [stack: 0x000000b009e00000,0x000000b009f00000] [id=4660]
  0x000001bb1d4ed000 ConcurrentGCThread "G1 Refine#1" [stack: 0x000000b00bc00000,0x000000b00bd00000] [id=3636]
  0x000001bb7f2a4800 ConcurrentGCThread "G1 Young RemSet Sampling" [stack: 0x000000b009f00000,0x000000b00a000000] [id=11468]

Threads with active compile tasks:
C2 CompilerThread0   161069 16871       4       java.lang.reflect.AccessibleObject::checkCanSetAccessible (386 bytes)

VM state:not at safepoint (normal execution)

VM Mutex/Monitor currently owned by a thread: None

Heap address: 0x0000000080000000, size: 2048 MB, Compressed Oops mode: 32-bit
Narrow klass base: 0x0000000000000000, Narrow klass shift: 3
Compressed class space size: 528482304 Address: 0x0000000100000000

Heap:
 garbage-first heap   total 262144K, used 200599K [0x0000000080000000, 0x0000000100000000)
  region size 1024K, 45 young (46080K), 8 survivors (8192K)
 Metaspace       used 125788K, capacity 130152K, committed 130260K, reserved 628736K
  class space    used 16204K, capacity 17824K, committed 17920K, reserved 516096K
Heap Regions: E=young(eden), S=young(survivor), O=old, HS=humongous(starts), HC=humongous(continues), CS=collection set, F=free, A=archive, TAMS=top-at-mark-start (previous, next)
|   0|0x0000000080000000, 0x0000000080100000, 0x0000000080100000|100%| O|  |TAMS 0x0000000080100000, 0x0000000080000000| Untracked 
|   1|0x0000000080100000, 0x0000000080200000, 0x0000000080200000|100%| O|  |TAMS 0x0000000080200000, 0x0000000080100000| Untracked 
|   2|0x0000000080200000, 0x0000000080300000, 0x0000000080300000|100%| O|  |TAMS 0x0000000080300000, 0x0000000080200000| Untracked 
|   3|0x0000000080300000, 0x0000000080400000, 0x0000000080400000|100%|HS|  |TAMS 0x0000000080400000, 0x0000000080300000| Complete 
|   4|0x0000000080400000, 0x0000000080500000, 0x0000000080500000|100%|HC|  |TAMS 0x0000000080500000, 0x0000000080400000| Complete 
|   5|0x0000000080500000, 0x0000000080600000, 0x0000000080600000|100%|HC|  |TAMS 0x0000000080600000, 0x0000000080500000| Complete 
|   6|0x0000000080600000, 0x0000000080700000, 0x0000000080700000|100%| O|  |TAMS 0x0000000080700000, 0x0000000080600000| Untracked 
|   7|0x0000000080700000, 0x0000000080800000, 0x0000000080800000|100%| O|  |TAMS 0x0000000080800000, 0x0000000080700000| Untracked 
|   8|0x0000000080800000, 0x0000000080900000, 0x0000000080900000|100%| O|  |TAMS 0x0000000080900000, 0x0000000080800000| Untracked 
|   9|0x0000000080900000, 0x0000000080a00000, 0x0000000080a00000|100%| O|  |TAMS 0x0000000080a00000, 0x0000000080900000| Untracked 
|  10|0x0000000080a00000, 0x0000000080b00000, 0x0000000080b00000|100%| O|  |TAMS 0x0000000080b00000, 0x0000000080a00000| Untracked 
|  11|0x0000000080b00000, 0x0000000080c00000, 0x0000000080c00000|100%| O|  |TAMS 0x0000000080c00000, 0x0000000080b00000| Untracked 
|  12|0x0000000080c00000, 0x0000000080d00000, 0x0000000080d00000|100%| O|  |TAMS 0x0000000080d00000, 0x0000000080c00000| Untracked 
|  13|0x0000000080d00000, 0x0000000080e00000, 0x0000000080e00000|100%| O|  |TAMS 0x0000000080e00000, 0x0000000080d00000| Untracked 
|  14|0x0000000080e00000, 0x0000000080f00000, 0x0000000080f00000|100%| O|  |TAMS 0x0000000080f00000, 0x0000000080e00000| Untracked 
|  15|0x0000000080f00000, 0x0000000080fffff8, 0x0000000081000000| 99%| O|  |TAMS 0x0000000080fffff8, 0x0000000080f00000| Untracked 
|  16|0x0000000081000000, 0x0000000081100000, 0x0000000081100000|100%| O|  |TAMS 0x0000000081100000, 0x0000000081000000| Untracked 
|  17|0x0000000081100000, 0x0000000081200000, 0x0000000081200000|100%|HS|  |TAMS 0x0000000081200000, 0x0000000081100000| Complete 
|  18|0x0000000081200000, 0x0000000081300000, 0x0000000081300000|100%| O|  |TAMS 0x0000000081300000, 0x0000000081200000| Untracked 
|  19|0x0000000081300000, 0x0000000081400000, 0x0000000081400000|100%| O|  |TAMS 0x0000000081400000, 0x0000000081300000| Untracked 
|  20|0x0000000081400000, 0x0000000081500000, 0x0000000081500000|100%| O|  |TAMS 0x0000000081500000, 0x0000000081400000| Untracked 
|  21|0x0000000081500000, 0x0000000081600000, 0x0000000081600000|100%| O|  |TAMS 0x0000000081600000, 0x0000000081500000| Untracked 
|  22|0x0000000081600000, 0x0000000081700000, 0x0000000081700000|100%| O|  |TAMS 0x0000000081700000, 0x0000000081600000| Untracked 
|  23|0x0000000081700000, 0x0000000081800000, 0x0000000081800000|100%| O|  |TAMS 0x0000000081800000, 0x0000000081700000| Untracked 
|  24|0x0000000081800000, 0x0000000081900000, 0x0000000081900000|100%| O|  |TAMS 0x0000000081900000, 0x0000000081800000| Untracked 
|  25|0x0000000081900000, 0x0000000081a00000, 0x0000000081a00000|100%| O|  |TAMS 0x0000000081a00000, 0x0000000081900000| Untracked 
|  26|0x0000000081a00000, 0x0000000081b00000, 0x0000000081b00000|100%| O|  |TAMS 0x0000000081b00000, 0x0000000081a00000| Untracked 
|  27|0x0000000081b00000, 0x0000000081c00000, 0x0000000081c00000|100%| O|  |TAMS 0x0000000081c00000, 0x0000000081b00000| Untracked 
|  28|0x0000000081c00000, 0x0000000081d00000, 0x0000000081d00000|100%|HS|  |TAMS 0x0000000081d00000, 0x0000000081c00000| Complete 
|  29|0x0000000081d00000, 0x0000000081e00000, 0x0000000081e00000|100%|HC|  |TAMS 0x0000000081e00000, 0x0000000081d00000| Complete 
|  30|0x0000000081e00000, 0x0000000081f00000, 0x0000000081f00000|100%|HC|  |TAMS 0x0000000081f00000, 0x0000000081e00000| Complete 
|  31|0x0000000081f00000, 0x0000000082000000, 0x0000000082000000|100%| O|  |TAMS 0x0000000082000000, 0x0000000081f00000| Untracked 
|  32|0x0000000082000000, 0x0000000082100000, 0x0000000082100000|100%| O|  |TAMS 0x0000000082100000, 0x0000000082000000| Untracked 
|  33|0x0000000082100000, 0x0000000082200000, 0x0000000082200000|100%| O|  |TAMS 0x0000000082200000, 0x0000000082100000| Untracked 
|  34|0x0000000082200000, 0x0000000082300000, 0x0000000082300000|100%| O|  |TAMS 0x0000000082300000, 0x0000000082200000| Untracked 
|  35|0x0000000082300000, 0x0000000082400000, 0x0000000082400000|100%| O|  |TAMS 0x0000000082400000, 0x0000000082300000| Untracked 
|  36|0x0000000082400000, 0x0000000082500000, 0x0000000082500000|100%| O|  |TAMS 0x0000000082500000, 0x0000000082400000| Untracked 
|  37|0x0000000082500000, 0x0000000082600000, 0x0000000082600000|100%| O|  |TAMS 0x0000000082600000, 0x0000000082500000| Untracked 
|  38|0x0000000082600000, 0x0000000082700000, 0x0000000082700000|100%| O|  |TAMS 0x0000000082700000, 0x0000000082600000| Untracked 
|  39|0x0000000082700000, 0x0000000082800000, 0x0000000082800000|100%| O|  |TAMS 0x0000000082800000, 0x0000000082700000| Untracked 
|  40|0x0000000082800000, 0x0000000082900000, 0x0000000082900000|100%| O|  |TAMS 0x0000000082900000, 0x0000000082800000| Untracked 
|  41|0x0000000082900000, 0x0000000082a00000, 0x0000000082a00000|100%| O|  |TAMS 0x0000000082a00000, 0x0000000082900000| Untracked 
|  42|0x0000000082a00000, 0x0000000082b00000, 0x0000000082b00000|100%| O|  |TAMS 0x0000000082b00000, 0x0000000082a00000| Untracked 
|  43|0x0000000082b00000, 0x0000000082c00000, 0x0000000082c00000|100%| O|  |TAMS 0x0000000082c00000, 0x0000000082b00000| Untracked 
|  44|0x0000000082c00000, 0x0000000082d00000, 0x0000000082d00000|100%| O|  |TAMS 0x0000000082d00000, 0x0000000082c00000| Untracked 
|  45|0x0000000082d00000, 0x0000000082e00000, 0x0000000082e00000|100%| O|  |TAMS 0x0000000082e00000, 0x0000000082d00000| Untracked 
|  46|0x0000000082e00000, 0x0000000082f00000, 0x0000000082f00000|100%| O|  |TAMS 0x0000000082f00000, 0x0000000082e00000| Untracked 
|  47|0x0000000082f00000, 0x0000000083000000, 0x0000000083000000|100%| O|  |TAMS 0x0000000083000000, 0x0000000082f00000| Untracked 
|  48|0x0000000083000000, 0x0000000083100000, 0x0000000083100000|100%|HS|  |TAMS 0x0000000083100000, 0x0000000083000000| Complete 
|  49|0x0000000083100000, 0x0000000083200000, 0x0000000083200000|100%|HS|  |TAMS 0x0000000083200000, 0x0000000083100000| Complete 
|  50|0x0000000083200000, 0x0000000083300000, 0x0000000083300000|100%|HS|  |TAMS 0x0000000083300000, 0x0000000083200000| Complete 
|  51|0x0000000083300000, 0x0000000083400000, 0x0000000083400000|100%|HC|  |TAMS 0x0000000083400000, 0x0000000083300000| Complete 
|  52|0x0000000083400000, 0x0000000083500000, 0x0000000083500000|100%| O|  |TAMS 0x0000000083500000, 0x0000000083400000| Untracked 
|  53|0x0000000083500000, 0x0000000083600000, 0x0000000083600000|100%| O|  |TAMS 0x0000000083600000, 0x0000000083500000| Untracked 
|  54|0x0000000083600000, 0x0000000083700000, 0x0000000083700000|100%| O|  |TAMS 0x0000000083700000, 0x0000000083600000| Untracked 
|  55|0x0000000083700000, 0x0000000083800000, 0x0000000083800000|100%| O|  |TAMS 0x0000000083800000, 0x0000000083700000| Untracked 
|  56|0x0000000083800000, 0x0000000083900000, 0x0000000083900000|100%| O|  |TAMS 0x0000000083900000, 0x0000000083800000| Untracked 
|  57|0x0000000083900000, 0x0000000083a00000, 0x0000000083a00000|100%| O|  |TAMS 0x0000000083a00000, 0x0000000083900000| Untracked 
|  58|0x0000000083a00000, 0x0000000083b00000, 0x0000000083b00000|100%| O|  |TAMS 0x0000000083b00000, 0x0000000083a00000| Untracked 
|  59|0x0000000083b00000, 0x0000000083c00000, 0x0000000083c00000|100%| O|  |TAMS 0x0000000083c00000, 0x0000000083b00000| Untracked 
|  60|0x0000000083c00000, 0x0000000083d00000, 0x0000000083d00000|100%| O|  |TAMS 0x0000000083d00000, 0x0000000083c00000| Untracked 
|  61|0x0000000083d00000, 0x0000000083e00000, 0x0000000083e00000|100%| O|  |TAMS 0x0000000083e00000, 0x0000000083d00000| Untracked 
|  62|0x0000000083e00000, 0x0000000083f00000, 0x0000000083f00000|100%| O|  |TAMS 0x0000000083f00000, 0x0000000083e00000| Untracked 
|  63|0x0000000083f00000, 0x0000000084000000, 0x0000000084000000|100%| O|  |TAMS 0x0000000084000000, 0x0000000083f00000| Untracked 
|  64|0x0000000084000000, 0x0000000084100000, 0x0000000084100000|100%| O|  |TAMS 0x0000000084100000, 0x0000000084000000| Untracked 
|  65|0x0000000084100000, 0x0000000084200000, 0x0000000084200000|100%| O|  |TAMS 0x0000000084200000, 0x0000000084100000| Untracked 
|  66|0x0000000084200000, 0x0000000084300000, 0x0000000084300000|100%| O|  |TAMS 0x0000000084300000, 0x0000000084200000| Untracked 
|  67|0x0000000084300000, 0x0000000084400000, 0x0000000084400000|100%| O|  |TAMS 0x0000000084400000, 0x0000000084300000| Untracked 
|  68|0x0000000084400000, 0x0000000084500000, 0x0000000084500000|100%| O|  |TAMS 0x0000000084500000, 0x0000000084400000| Untracked 
|  69|0x0000000084500000, 0x0000000084600000, 0x0000000084600000|100%| O|  |TAMS 0x0000000084600000, 0x0000000084500000| Untracked 
|  70|0x0000000084600000, 0x0000000084700000, 0x0000000084700000|100%| O|  |TAMS 0x0000000084700000, 0x0000000084600000| Untracked 
|  71|0x0000000084700000, 0x0000000084800000, 0x0000000084800000|100%| O|  |TAMS 0x0000000084800000, 0x0000000084700000| Untracked 
|  72|0x0000000084800000, 0x0000000084900000, 0x0000000084900000|100%| O|  |TAMS 0x0000000084900000, 0x0000000084800000| Untracked 
|  73|0x0000000084900000, 0x0000000084a00000, 0x0000000084a00000|100%| O|  |TAMS 0x0000000084a00000, 0x0000000084900000| Untracked 
|  74|0x0000000084a00000, 0x0000000084b00000, 0x0000000084b00000|100%| O|  |TAMS 0x0000000084b00000, 0x0000000084a00000| Untracked 
|  75|0x0000000084b00000, 0x0000000084c00000, 0x0000000084c00000|100%| O|  |TAMS 0x0000000084c00000, 0x0000000084b00000| Untracked 
|  76|0x0000000084c00000, 0x0000000084d00000, 0x0000000084d00000|100%| O|  |TAMS 0x0000000084d00000, 0x0000000084c00000| Untracked 
|  77|0x0000000084d00000, 0x0000000084e00000, 0x0000000084e00000|100%| O|  |TAMS 0x0000000084e00000, 0x0000000084d00000| Untracked 
|  78|0x0000000084e00000, 0x0000000084f00000, 0x0000000084f00000|100%| O|  |TAMS 0x0000000084f00000, 0x0000000084e00000| Untracked 
|  79|0x0000000084f00000, 0x0000000085000000, 0x0000000085000000|100%| O|  |TAMS 0x0000000085000000, 0x0000000084f00000| Untracked 
|  80|0x0000000085000000, 0x0000000085100000, 0x0000000085100000|100%| O|  |TAMS 0x0000000085100000, 0x0000000085000000| Untracked 
|  81|0x0000000085100000, 0x0000000085200000, 0x0000000085200000|100%| O|  |TAMS 0x0000000085200000, 0x0000000085100000| Untracked 
|  82|0x0000000085200000, 0x0000000085300000, 0x0000000085300000|100%| O|  |TAMS 0x0000000085300000, 0x0000000085200000| Untracked 
|  83|0x0000000085300000, 0x0000000085400000, 0x0000000085400000|100%| O|  |TAMS 0x0000000085400000, 0x0000000085300000| Untracked 
|  84|0x0000000085400000, 0x0000000085500000, 0x0000000085500000|100%| O|  |TAMS 0x0000000085500000, 0x0000000085400000| Untracked 
|  85|0x0000000085500000, 0x0000000085600000, 0x0000000085600000|100%|HS|  |TAMS 0x0000000085600000, 0x0000000085500000| Complete 
|  86|0x0000000085600000, 0x0000000085700000, 0x0000000085700000|100%|HS|  |TAMS 0x0000000085700000, 0x0000000085600000| Complete 
|  87|0x0000000085700000, 0x0000000085800000, 0x0000000085800000|100%|HC|  |TAMS 0x0000000085800000, 0x0000000085700000| Complete 
|  88|0x0000000085800000, 0x0000000085900000, 0x0000000085900000|100%|HC|  |TAMS 0x0000000085900000, 0x0000000085800000| Complete 
|  89|0x0000000085900000, 0x0000000085a00000, 0x0000000085a00000|100%| O|  |TAMS 0x0000000085a00000, 0x0000000085900000| Untracked 
|  90|0x0000000085a00000, 0x0000000085b00000, 0x0000000085b00000|100%| O|  |TAMS 0x0000000085b00000, 0x0000000085a00000| Untracked 
|  91|0x0000000085b00000, 0x0000000085c00000, 0x0000000085c00000|100%| O|  |TAMS 0x0000000085c00000, 0x0000000085b00000| Untracked 
|  92|0x0000000085c00000, 0x0000000085d00000, 0x0000000085d00000|100%| O|  |TAMS 0x0000000085d00000, 0x0000000085c00000| Untracked 
|  93|0x0000000085d00000, 0x0000000085e00000, 0x0000000085e00000|100%| O|  |TAMS 0x0000000085e00000, 0x0000000085d00000| Untracked 
|  94|0x0000000085e00000, 0x0000000085f00000, 0x0000000085f00000|100%| O|  |TAMS 0x0000000085f00000, 0x0000000085e00000| Untracked 
|  95|0x0000000085f00000, 0x0000000086000000, 0x0000000086000000|100%| O|  |TAMS 0x0000000086000000, 0x0000000085f00000| Untracked 
|  96|0x0000000086000000, 0x0000000086100000, 0x0000000086100000|100%| O|  |TAMS 0x0000000086100000, 0x0000000086000000| Untracked 
|  97|0x0000000086100000, 0x0000000086200000, 0x0000000086200000|100%| O|  |TAMS 0x0000000086200000, 0x0000000086100000| Untracked 
|  98|0x0000000086200000, 0x0000000086300000, 0x0000000086300000|100%| O|  |TAMS 0x0000000086300000, 0x0000000086200000| Untracked 
|  99|0x0000000086300000, 0x0000000086400000, 0x0000000086400000|100%| O|  |TAMS 0x0000000086400000, 0x0000000086300000| Untracked 
| 100|0x0000000086400000, 0x0000000086500000, 0x0000000086500000|100%| O|  |TAMS 0x0000000086500000, 0x0000000086400000| Untracked 
| 101|0x0000000086500000, 0x0000000086600000, 0x0000000086600000|100%|HS|  |TAMS 0x0000000086600000, 0x0000000086500000| Complete 
| 102|0x0000000086600000, 0x0000000086700000, 0x0000000086700000|100%| O|  |TAMS 0x0000000086700000, 0x0000000086600000| Untracked 
| 103|0x0000000086700000, 0x0000000086800000, 0x0000000086800000|100%| O|  |TAMS 0x0000000086800000, 0x0000000086700000| Untracked 
| 104|0x0000000086800000, 0x0000000086900000, 0x0000000086900000|100%| O|  |TAMS 0x0000000086900000, 0x0000000086800000| Untracked 
| 105|0x0000000086900000, 0x0000000086a00000, 0x0000000086a00000|100%| O|  |TAMS 0x0000000086a00000, 0x0000000086900000| Untracked 
| 106|0x0000000086a00000, 0x0000000086b00000, 0x0000000086b00000|100%| O|  |TAMS 0x0000000086b00000, 0x0000000086a00000| Untracked 
| 107|0x0000000086b00000, 0x0000000086c00000, 0x0000000086c00000|100%| O|  |TAMS 0x0000000086c00000, 0x0000000086b00000| Untracked 
| 108|0x0000000086c00000, 0x0000000086d00000, 0x0000000086d00000|100%| O|  |TAMS 0x0000000086d00000, 0x0000000086c00000| Untracked 
| 109|0x0000000086d00000, 0x0000000086e00000, 0x0000000086e00000|100%| O|  |TAMS 0x0000000086e00000, 0x0000000086d00000| Untracked 
| 110|0x0000000086e00000, 0x0000000086f00000, 0x0000000086f00000|100%| O|  |TAMS 0x0000000086f00000, 0x0000000086e00000| Untracked 
| 111|0x0000000086f00000, 0x0000000087000000, 0x0000000087000000|100%| O|  |TAMS 0x0000000087000000, 0x0000000086f00000| Untracked 
| 112|0x0000000087000000, 0x0000000087100000, 0x0000000087100000|100%| O|  |TAMS 0x0000000087100000, 0x0000000087000000| Untracked 
| 113|0x0000000087100000, 0x0000000087200000, 0x0000000087200000|100%| O|  |TAMS 0x0000000087200000, 0x0000000087100000| Untracked 
| 114|0x0000000087200000, 0x0000000087300000, 0x0000000087300000|100%| O|  |TAMS 0x0000000087300000, 0x0000000087200000| Untracked 
| 115|0x0000000087300000, 0x0000000087400000, 0x0000000087400000|100%| O|  |TAMS 0x0000000087400000, 0x0000000087300000| Untracked 
| 116|0x0000000087400000, 0x0000000087500000, 0x0000000087500000|100%| O|  |TAMS 0x0000000087500000, 0x0000000087400000| Untracked 
| 117|0x0000000087500000, 0x0000000087600000, 0x0000000087600000|100%| O|  |TAMS 0x0000000087600000, 0x0000000087500000| Untracked 
| 118|0x0000000087600000, 0x0000000087700000, 0x0000000087700000|100%| O|  |TAMS 0x0000000087700000, 0x0000000087600000| Untracked 
| 119|0x0000000087700000, 0x0000000087800000, 0x0000000087800000|100%| O|  |TAMS 0x0000000087800000, 0x0000000087700000| Untracked 
| 120|0x0000000087800000, 0x0000000087900000, 0x0000000087900000|100%| O|  |TAMS 0x0000000087900000, 0x0000000087800000| Untracked 
| 121|0x0000000087900000, 0x0000000087a00000, 0x0000000087a00000|100%| O|  |TAMS 0x0000000087a00000, 0x0000000087900000| Untracked 
| 122|0x0000000087a00000, 0x0000000087b00000, 0x0000000087b00000|100%| O|  |TAMS 0x0000000087b00000, 0x0000000087a00000| Untracked 
| 123|0x0000000087b00000, 0x0000000087c00000, 0x0000000087c00000|100%| O|  |TAMS 0x0000000087c00000, 0x0000000087b00000| Untracked 
| 124|0x0000000087c00000, 0x0000000087d00000, 0x0000000087d00000|100%| O|  |TAMS 0x0000000087d00000, 0x0000000087c00000| Untracked 
| 125|0x0000000087d00000, 0x0000000087e00000, 0x0000000087e00000|100%| O|  |TAMS 0x0000000087e00000, 0x0000000087d00000| Untracked 
| 126|0x0000000087e00000, 0x0000000087f00000, 0x0000000087f00000|100%| O|  |TAMS 0x0000000087f00000, 0x0000000087e00000| Untracked 
| 127|0x0000000087f00000, 0x0000000088000000, 0x0000000088000000|100%| O|  |TAMS 0x0000000088000000, 0x0000000087f00000| Untracked 
| 128|0x0000000088000000, 0x0000000088100000, 0x0000000088100000|100%| O|  |TAMS 0x0000000088100000, 0x0000000088000000| Untracked 
| 129|0x0000000088100000, 0x0000000088200000, 0x0000000088200000|100%| O|  |TAMS 0x0000000088200000, 0x0000000088100000| Untracked 
| 130|0x0000000088200000, 0x0000000088300000, 0x0000000088300000|100%| O|  |TAMS 0x0000000088300000, 0x0000000088200000| Untracked 
| 131|0x0000000088300000, 0x0000000088400000, 0x0000000088400000|100%| O|  |TAMS 0x0000000088400000, 0x0000000088300000| Untracked 
| 132|0x0000000088400000, 0x0000000088500000, 0x0000000088500000|100%| O|  |TAMS 0x0000000088500000, 0x0000000088400000| Untracked 
| 133|0x0000000088500000, 0x0000000088600000, 0x0000000088600000|100%| O|  |TAMS 0x0000000088600000, 0x0000000088500000| Untracked 
| 134|0x0000000088600000, 0x0000000088700000, 0x0000000088700000|100%| O|  |TAMS 0x0000000088700000, 0x0000000088600000| Untracked 
| 135|0x0000000088700000, 0x0000000088800000, 0x0000000088800000|100%| O|  |TAMS 0x0000000088800000, 0x0000000088700000| Untracked 
| 136|0x0000000088800000, 0x0000000088900000, 0x0000000088900000|100%| O|  |TAMS 0x0000000088900000, 0x0000000088800000| Untracked 
| 137|0x0000000088900000, 0x0000000088a00000, 0x0000000088a00000|100%| O|  |TAMS 0x0000000088a00000, 0x0000000088900000| Untracked 
| 138|0x0000000088a00000, 0x0000000088b00000, 0x0000000088b00000|100%| O|  |TAMS 0x0000000088b00000, 0x0000000088a00000| Untracked 
| 139|0x0000000088b00000, 0x0000000088c00000, 0x0000000088c00000|100%| O|  |TAMS 0x0000000088c00000, 0x0000000088b00000| Untracked 
| 140|0x0000000088c00000, 0x0000000088d00000, 0x0000000088d00000|100%| O|  |TAMS 0x0000000088d00000, 0x0000000088c00000| Untracked 
| 141|0x0000000088d00000, 0x0000000088e00000, 0x0000000088e00000|100%| O|  |TAMS 0x0000000088e00000, 0x0000000088d00000| Untracked 
| 142|0x0000000088e00000, 0x0000000088f00000, 0x0000000088f00000|100%| O|  |TAMS 0x0000000088f00000, 0x0000000088e00000| Untracked 
| 143|0x0000000088f00000, 0x0000000089000000, 0x0000000089000000|100%| O|  |TAMS 0x0000000089000000, 0x0000000088f00000| Untracked 
| 144|0x0000000089000000, 0x0000000089100000, 0x0000000089100000|100%| O|  |TAMS 0x0000000089100000, 0x0000000089000000| Untracked 
| 145|0x0000000089100000, 0x0000000089200000, 0x0000000089200000|100%| O|  |TAMS 0x0000000089200000, 0x0000000089100000| Untracked 
| 146|0x0000000089200000, 0x0000000089300000, 0x0000000089300000|100%| O|  |TAMS 0x0000000089300000, 0x0000000089200000| Untracked 
| 147|0x0000000089300000, 0x0000000089400000, 0x0000000089400000|100%| O|  |TAMS 0x0000000089400000, 0x0000000089300000| Untracked 
| 148|0x0000000089400000, 0x0000000089500000, 0x0000000089500000|100%| O|  |TAMS 0x0000000089500000, 0x0000000089400000| Untracked 
| 149|0x0000000089500000, 0x0000000089600000, 0x0000000089600000|100%| O|  |TAMS 0x0000000089600000, 0x0000000089500000| Untracked 
| 150|0x0000000089600000, 0x0000000089700000, 0x0000000089700000|100%| O|  |TAMS 0x0000000089700000, 0x0000000089600000| Untracked 
| 151|0x0000000089700000, 0x0000000089800000, 0x0000000089800000|100%| O|  |TAMS 0x0000000089800000, 0x0000000089700000| Untracked 
| 152|0x0000000089800000, 0x0000000089900000, 0x0000000089900000|100%| O|  |TAMS 0x0000000089900000, 0x0000000089800000| Untracked 
| 153|0x0000000089900000, 0x00000000899c0200, 0x0000000089a00000| 75%| O|  |TAMS 0x00000000899c0200, 0x0000000089900000| Untracked 
| 154|0x0000000089a00000, 0x0000000089a00000, 0x0000000089b00000|  0%| F|  |TAMS 0x0000000089a00000, 0x0000000089a00000| Untracked 
| 155|0x0000000089b00000, 0x0000000089b00000, 0x0000000089c00000|  0%| F|  |TAMS 0x0000000089b00000, 0x0000000089b00000| Untracked 
| 156|0x0000000089c00000, 0x0000000089c00000, 0x0000000089d00000|  0%| F|  |TAMS 0x0000000089c00000, 0x0000000089c00000| Untracked 
| 157|0x0000000089d00000, 0x0000000089d00000, 0x0000000089e00000|  0%| F|  |TAMS 0x0000000089d00000, 0x0000000089d00000| Untracked 
| 158|0x0000000089e00000, 0x0000000089e00000, 0x0000000089f00000|  0%| F|  |TAMS 0x0000000089e00000, 0x0000000089e00000| Untracked 
| 159|0x0000000089f00000, 0x0000000089f00000, 0x000000008a000000|  0%| F|  |TAMS 0x0000000089f00000, 0x0000000089f00000| Untracked 
| 160|0x000000008a000000, 0x000000008a000000, 0x000000008a100000|  0%| F|  |TAMS 0x000000008a000000, 0x000000008a000000| Untracked 
| 161|0x000000008a100000, 0x000000008a100000, 0x000000008a200000|  0%| F|  |TAMS 0x000000008a100000, 0x000000008a100000| Untracked 
| 162|0x000000008a200000, 0x000000008a200000, 0x000000008a300000|  0%| F|  |TAMS 0x000000008a200000, 0x000000008a200000| Untracked 
| 163|0x000000008a300000, 0x000000008a300000, 0x000000008a400000|  0%| F|  |TAMS 0x000000008a300000, 0x000000008a300000| Untracked 
| 164|0x000000008a400000, 0x000000008a400000, 0x000000008a500000|  0%| F|  |TAMS 0x000000008a400000, 0x000000008a400000| Untracked 
| 165|0x000000008a500000, 0x000000008a500000, 0x000000008a600000|  0%| F|  |TAMS 0x000000008a500000, 0x000000008a500000| Untracked 
| 166|0x000000008a600000, 0x000000008a600000, 0x000000008a700000|  0%| F|  |TAMS 0x000000008a600000, 0x000000008a600000| Untracked 
| 167|0x000000008a700000, 0x000000008a700000, 0x000000008a800000|  0%| F|  |TAMS 0x000000008a700000, 0x000000008a700000| Untracked 
| 168|0x000000008a800000, 0x000000008a800000, 0x000000008a900000|  0%| F|  |TAMS 0x000000008a800000, 0x000000008a800000| Untracked 
| 169|0x000000008a900000, 0x000000008a900000, 0x000000008aa00000|  0%| F|  |TAMS 0x000000008a900000, 0x000000008a900000| Untracked 
| 170|0x000000008aa00000, 0x000000008aa00000, 0x000000008ab00000|  0%| F|  |TAMS 0x000000008aa00000, 0x000000008aa00000| Untracked 
| 171|0x000000008ab00000, 0x000000008ab00000, 0x000000008ac00000|  0%| F|  |TAMS 0x000000008ab00000, 0x000000008ab00000| Untracked 
| 172|0x000000008ac00000, 0x000000008ac00000, 0x000000008ad00000|  0%| F|  |TAMS 0x000000008ac00000, 0x000000008ac00000| Untracked 
| 173|0x000000008ad00000, 0x000000008ad00000, 0x000000008ae00000|  0%| F|  |TAMS 0x000000008ad00000, 0x000000008ad00000| Untracked 
| 174|0x000000008ae00000, 0x000000008ae00000, 0x000000008af00000|  0%| F|  |TAMS 0x000000008ae00000, 0x000000008ae00000| Untracked 
| 175|0x000000008af00000, 0x000000008af00000, 0x000000008b000000|  0%| F|  |TAMS 0x000000008af00000, 0x000000008af00000| Untracked 
| 176|0x000000008b000000, 0x000000008b000000, 0x000000008b100000|  0%| F|  |TAMS 0x000000008b000000, 0x000000008b000000| Untracked 
| 177|0x000000008b100000, 0x000000008b100000, 0x000000008b200000|  0%| F|  |TAMS 0x000000008b100000, 0x000000008b100000| Untracked 
| 178|0x000000008b200000, 0x000000008b200000, 0x000000008b300000|  0%| F|  |TAMS 0x000000008b200000, 0x000000008b200000| Untracked 
| 179|0x000000008b300000, 0x000000008b300000, 0x000000008b400000|  0%| F|  |TAMS 0x000000008b300000, 0x000000008b300000| Untracked 
| 180|0x000000008b400000, 0x000000008b400000, 0x000000008b500000|  0%| F|  |TAMS 0x000000008b400000, 0x000000008b400000| Untracked 
| 181|0x000000008b500000, 0x000000008b500000, 0x000000008b600000|  0%| F|  |TAMS 0x000000008b500000, 0x000000008b500000| Untracked 
| 182|0x000000008b600000, 0x000000008b600000, 0x000000008b700000|  0%| F|  |TAMS 0x000000008b600000, 0x000000008b600000| Untracked 
| 183|0x000000008b700000, 0x000000008b700000, 0x000000008b800000|  0%| F|  |TAMS 0x000000008b700000, 0x000000008b700000| Untracked 
| 184|0x000000008b800000, 0x000000008b800000, 0x000000008b900000|  0%| F|  |TAMS 0x000000008b800000, 0x000000008b800000| Untracked 
| 185|0x000000008b900000, 0x000000008b900000, 0x000000008ba00000|  0%| F|  |TAMS 0x000000008b900000, 0x000000008b900000| Untracked 
| 186|0x000000008ba00000, 0x000000008ba00000, 0x000000008bb00000|  0%| F|  |TAMS 0x000000008ba00000, 0x000000008ba00000| Untracked 
| 187|0x000000008bb00000, 0x000000008bb00000, 0x000000008bc00000|  0%| F|  |TAMS 0x000000008bb00000, 0x000000008bb00000| Untracked 
| 188|0x000000008bc00000, 0x000000008bc00000, 0x000000008bd00000|  0%| F|  |TAMS 0x000000008bc00000, 0x000000008bc00000| Untracked 
| 189|0x000000008bd00000, 0x000000008bd00000, 0x000000008be00000|  0%| F|  |TAMS 0x000000008bd00000, 0x000000008bd00000| Untracked 
| 190|0x000000008be00000, 0x000000008be25ac0, 0x000000008bf00000| 14%| S|CS|TAMS 0x000000008be00000, 0x000000008be00000| Complete 
| 191|0x000000008bf00000, 0x000000008c000000, 0x000000008c000000|100%| S|CS|TAMS 0x000000008bf00000, 0x000000008bf00000| Complete 
| 192|0x000000008c000000, 0x000000008c100000, 0x000000008c100000|100%| S|CS|TAMS 0x000000008c000000, 0x000000008c000000| Complete 
| 193|0x000000008c100000, 0x000000008c200000, 0x000000008c200000|100%| S|CS|TAMS 0x000000008c100000, 0x000000008c100000| Complete 
| 194|0x000000008c200000, 0x000000008c300000, 0x000000008c300000|100%| S|CS|TAMS 0x000000008c200000, 0x000000008c200000| Complete 
| 195|0x000000008c300000, 0x000000008c400000, 0x000000008c400000|100%| S|CS|TAMS 0x000000008c300000, 0x000000008c300000| Complete 
| 196|0x000000008c400000, 0x000000008c500000, 0x000000008c500000|100%| S|CS|TAMS 0x000000008c400000, 0x000000008c400000| Complete 
| 197|0x000000008c500000, 0x000000008c600000, 0x000000008c600000|100%| S|CS|TAMS 0x000000008c500000, 0x000000008c500000| Complete 
| 198|0x000000008c600000, 0x000000008c600000, 0x000000008c700000|  0%| F|  |TAMS 0x000000008c600000, 0x000000008c600000| Untracked 
| 199|0x000000008c700000, 0x000000008c700000, 0x000000008c800000|  0%| F|  |TAMS 0x000000008c700000, 0x000000008c700000| Untracked 
| 200|0x000000008c800000, 0x000000008c800000, 0x000000008c900000|  0%| F|  |TAMS 0x000000008c800000, 0x000000008c800000| Untracked 
| 201|0x000000008c900000, 0x000000008c900000, 0x000000008ca00000|  0%| F|  |TAMS 0x000000008c900000, 0x000000008c900000| Untracked 
| 202|0x000000008ca00000, 0x000000008ca00000, 0x000000008cb00000|  0%| F|  |TAMS 0x000000008ca00000, 0x000000008ca00000| Untracked 
| 203|0x000000008cb00000, 0x000000008cb00000, 0x000000008cc00000|  0%| F|  |TAMS 0x000000008cb00000, 0x000000008cb00000| Untracked 
| 204|0x000000008cc00000, 0x000000008cc00000, 0x000000008cd00000|  0%| F|  |TAMS 0x000000008cc00000, 0x000000008cc00000| Untracked 
| 205|0x000000008cd00000, 0x000000008cd00000, 0x000000008ce00000|  0%| F|  |TAMS 0x000000008cd00000, 0x000000008cd00000| Untracked 
| 206|0x000000008ce00000, 0x000000008ce00000, 0x000000008cf00000|  0%| F|  |TAMS 0x000000008ce00000, 0x000000008ce00000| Untracked 
| 207|0x000000008cf00000, 0x000000008cf00000, 0x000000008d000000|  0%| F|  |TAMS 0x000000008cf00000, 0x000000008cf00000| Untracked 
| 208|0x000000008d000000, 0x000000008d000000, 0x000000008d100000|  0%| F|  |TAMS 0x000000008d000000, 0x000000008d000000| Untracked 
| 209|0x000000008d100000, 0x000000008d100000, 0x000000008d200000|  0%| F|  |TAMS 0x000000008d100000, 0x000000008d100000| Untracked 
| 210|0x000000008d200000, 0x000000008d200000, 0x000000008d300000|  0%| F|  |TAMS 0x000000008d200000, 0x000000008d200000| Untracked 
| 211|0x000000008d300000, 0x000000008d300000, 0x000000008d400000|  0%| F|  |TAMS 0x000000008d300000, 0x000000008d300000| Untracked 
| 212|0x000000008d400000, 0x000000008d400000, 0x000000008d500000|  0%| F|  |TAMS 0x000000008d400000, 0x000000008d400000| Untracked 
| 213|0x000000008d500000, 0x000000008d500000, 0x000000008d600000|  0%| F|  |TAMS 0x000000008d500000, 0x000000008d500000| Untracked 
| 214|0x000000008d600000, 0x000000008d600000, 0x000000008d700000|  0%| F|  |TAMS 0x000000008d600000, 0x000000008d600000| Untracked 
| 215|0x000000008d700000, 0x000000008d700000, 0x000000008d800000|  0%| F|  |TAMS 0x000000008d700000, 0x000000008d700000| Untracked 
| 216|0x000000008d800000, 0x000000008d800000, 0x000000008d900000|  0%| F|  |TAMS 0x000000008d800000, 0x000000008d800000| Untracked 
| 217|0x000000008d900000, 0x000000008d900000, 0x000000008da00000|  0%| F|  |TAMS 0x000000008d900000, 0x000000008d900000| Untracked 
| 218|0x000000008da00000, 0x000000008da00000, 0x000000008db00000|  0%| F|  |TAMS 0x000000008da00000, 0x000000008da00000| Untracked 
| 219|0x000000008db00000, 0x000000008dba9280, 0x000000008dc00000| 66%| E|  |TAMS 0x000000008db00000, 0x000000008db00000| Complete 
| 220|0x000000008dc00000, 0x000000008dd00000, 0x000000008dd00000|100%| E|CS|TAMS 0x000000008dc00000, 0x000000008dc00000| Complete 
| 221|0x000000008dd00000, 0x000000008de00000, 0x000000008de00000|100%| E|CS|TAMS 0x000000008dd00000, 0x000000008dd00000| Complete 
| 222|0x000000008de00000, 0x000000008df00000, 0x000000008df00000|100%| E|CS|TAMS 0x000000008de00000, 0x000000008de00000| Complete 
| 223|0x000000008df00000, 0x000000008e000000, 0x000000008e000000|100%| E|CS|TAMS 0x000000008df00000, 0x000000008df00000| Complete 
| 224|0x000000008e000000, 0x000000008e100000, 0x000000008e100000|100%| E|CS|TAMS 0x000000008e000000, 0x000000008e000000| Complete 
| 225|0x000000008e100000, 0x000000008e200000, 0x000000008e200000|100%| E|CS|TAMS 0x000000008e100000, 0x000000008e100000| Complete 
| 226|0x000000008e200000, 0x000000008e300000, 0x000000008e300000|100%| E|CS|TAMS 0x000000008e200000, 0x000000008e200000| Complete 
| 227|0x000000008e300000, 0x000000008e400000, 0x000000008e400000|100%| E|CS|TAMS 0x000000008e300000, 0x000000008e300000| Complete 
| 228|0x000000008e400000, 0x000000008e500000, 0x000000008e500000|100%| E|CS|TAMS 0x000000008e400000, 0x000000008e400000| Complete 
| 229|0x000000008e500000, 0x000000008e600000, 0x000000008e600000|100%| E|CS|TAMS 0x000000008e500000, 0x000000008e500000| Complete 
| 230|0x000000008e600000, 0x000000008e700000, 0x000000008e700000|100%| E|CS|TAMS 0x000000008e600000, 0x000000008e600000| Complete 
| 231|0x000000008e700000, 0x000000008e800000, 0x000000008e800000|100%| E|CS|TAMS 0x000000008e700000, 0x000000008e700000| Complete 
| 232|0x000000008e800000, 0x000000008e900000, 0x000000008e900000|100%| E|CS|TAMS 0x000000008e800000, 0x000000008e800000| Complete 
| 233|0x000000008e900000, 0x000000008ea00000, 0x000000008ea00000|100%| E|CS|TAMS 0x000000008e900000, 0x000000008e900000| Complete 
| 234|0x000000008ea00000, 0x000000008eb00000, 0x000000008eb00000|100%| E|CS|TAMS 0x000000008ea00000, 0x000000008ea00000| Complete 
| 235|0x000000008eb00000, 0x000000008ec00000, 0x000000008ec00000|100%| E|CS|TAMS 0x000000008eb00000, 0x000000008eb00000| Complete 
| 236|0x000000008ec00000, 0x000000008ed00000, 0x000000008ed00000|100%| E|  |TAMS 0x000000008ec00000, 0x000000008ec00000| Complete 
| 237|0x000000008ed00000, 0x000000008ee00000, 0x000000008ee00000|100%| E|CS|TAMS 0x000000008ed00000, 0x000000008ed00000| Complete 
| 238|0x000000008ee00000, 0x000000008ef00000, 0x000000008ef00000|100%| E|CS|TAMS 0x000000008ee00000, 0x000000008ee00000| Complete 
| 239|0x000000008ef00000, 0x000000008f000000, 0x000000008f000000|100%| E|CS|TAMS 0x000000008ef00000, 0x000000008ef00000| Complete 
| 240|0x000000008f000000, 0x000000008f100000, 0x000000008f100000|100%| E|CS|TAMS 0x000000008f000000, 0x000000008f000000| Complete 
| 241|0x000000008f100000, 0x000000008f200000, 0x000000008f200000|100%| E|CS|TAMS 0x000000008f100000, 0x000000008f100000| Complete 
| 242|0x000000008f200000, 0x000000008f300000, 0x000000008f300000|100%| E|CS|TAMS 0x000000008f200000, 0x000000008f200000| Complete 
| 243|0x000000008f300000, 0x000000008f400000, 0x000000008f400000|100%| E|CS|TAMS 0x000000008f300000, 0x000000008f300000| Complete 
| 244|0x000000008f400000, 0x000000008f500000, 0x000000008f500000|100%| E|CS|TAMS 0x000000008f400000, 0x000000008f400000| Complete 
| 245|0x000000008f500000, 0x000000008f600000, 0x000000008f600000|100%| E|CS|TAMS 0x000000008f500000, 0x000000008f500000| Complete 
| 246|0x000000008f600000, 0x000000008f700000, 0x000000008f700000|100%| E|CS|TAMS 0x000000008f600000, 0x000000008f600000| Complete 
| 247|0x000000008f700000, 0x000000008f800000, 0x000000008f800000|100%| E|CS|TAMS 0x000000008f700000, 0x000000008f700000| Complete 
| 248|0x000000008f800000, 0x000000008f900000, 0x000000008f900000|100%| E|CS|TAMS 0x000000008f800000, 0x000000008f800000| Complete 
| 249|0x000000008f900000, 0x000000008fa00000, 0x000000008fa00000|100%| E|CS|TAMS 0x000000008f900000, 0x000000008f900000| Complete 
| 250|0x000000008fa00000, 0x000000008fb00000, 0x000000008fb00000|100%| E|CS|TAMS 0x000000008fa00000, 0x000000008fa00000| Complete 
| 251|0x000000008fb00000, 0x000000008fc00000, 0x000000008fc00000|100%| E|CS|TAMS 0x000000008fb00000, 0x000000008fb00000| Complete 
| 252|0x000000008fc00000, 0x000000008fd00000, 0x000000008fd00000|100%| E|CS|TAMS 0x000000008fc00000, 0x000000008fc00000| Complete 
| 253|0x000000008fd00000, 0x000000008fe00000, 0x000000008fe00000|100%| E|CS|TAMS 0x000000008fd00000, 0x000000008fd00000| Complete 
| 254|0x000000008fe00000, 0x000000008ff00000, 0x000000008ff00000|100%| E|CS|TAMS 0x000000008fe00000, 0x000000008fe00000| Complete 
| 255|0x000000008ff00000, 0x0000000090000000, 0x0000000090000000|100%| E|CS|TAMS 0x000000008ff00000, 0x000000008ff00000| Complete 

Card table byte_map: [0x000001bb7c220000,0x000001bb7c620000] _byte_map_base: 0x000001bb7be20000

Marking Bits (Prev, Next): (CMBitMap*) 0x000001bb7ba56a18, (CMBitMap*) 0x000001bb7ba56a50
 Prev Bits: [0x000001bb7ca20000, 0x000001bb7ea20000)
 Next Bits: [0x000001bb176a0000, 0x000001bb196a0000)

Polling page: 0x000001bb797d0000

Metaspace:

Usage:
  Non-class:    109.70 MB capacity,   107.02 MB ( 98%) used,     2.30 MB (  2%) free+waste,   391.19 KB ( <1%) overhead. 
      Class:     17.41 MB capacity,    15.83 MB ( 91%) used,     1.41 MB (  8%) free+waste,   177.00 KB ( <1%) overhead. 
       Both:    127.10 MB capacity,   122.84 MB ( 97%) used,     3.71 MB (  3%) free+waste,   568.19 KB ( <1%) overhead. 

Virtual space:
  Non-class space:      110.00 MB reserved,     109.71 MB (>99%) committed 
      Class space:      504.00 MB reserved,      17.50 MB (  3%) committed 
             Both:      614.00 MB reserved,     127.21 MB ( 21%) committed 

Chunk freelists:
   Non-Class:  8.00 KB
       Class:  0 bytes
        Both:  8.00 KB

MaxMetaspaceSize: 512.00 MB
CompressedClassSpaceSize: 504.00 MB
Initial GC threshold: 20.80 MB
Current GC threshold: 210.97 MB
CDS: off

CodeHeap 'non-profiled nmethods': size=120000Kb used=7626Kb max_used=7626Kb free=112374Kb
 bounds [0x000001bb10170000, 0x000001bb108f0000, 0x000001bb176a0000]
CodeHeap 'profiled nmethods': size=120000Kb used=32834Kb max_used=32834Kb free=87165Kb
 bounds [0x000001bb08c40000, 0x000001bb0ac60000, 0x000001bb10170000]
CodeHeap 'non-nmethods': size=5760Kb used=2470Kb max_used=2517Kb free=3289Kb
 bounds [0x000001bb086a0000, 0x000001bb08930000, 0x000001bb08c40000]
 total_blobs=17086 nmethods=16085 adapters=912
 compilation: enabled
              stopped_count=0, restarted_count=0
 full_count=0

Compilation events (20 events):
Event: 160.542 Thread 0x000001bb7f461800 nmethod 16869 0x000001bb108e1910 code [0x000001bb108e1aa0, 0x000001bb108e1b38]
Event: 160.542 Thread 0x000001bb7f461800 16871       4       java.lang.reflect.AccessibleObject::checkCanSetAccessible (386 bytes)
Event: 160.567 Thread 0x000001bb7f46d000 16874       3       java.lang.Long::toString (139 bytes)
Event: 160.569 Thread 0x000001bb7f46d000 nmethod 16874 0x000001bb0ac37690 code [0x000001bb0ac378c0, 0x000001bb0ac380d8]
Event: 160.569 Thread 0x000001bb7f46d000 16875       3       java.lang.Byte::valueOf (14 bytes)
Event: 160.569 Thread 0x000001bb7f46d000 nmethod 16875 0x000001bb0ac38390 code [0x000001bb0ac38540, 0x000001bb0ac38658]
Event: 160.569 Thread 0x000001bb7f46d000 16876       3       java.util.Formatter$Conversion::isInteger (48 bytes)
Event: 160.569 Thread 0x000001bb7f46d000 nmethod 16876 0x000001bb0ac38710 code [0x000001bb0ac388c0, 0x000001bb0ac38a58]
Event: 160.625 Thread 0x000001bb7f46d000 16879   !   3       java.io.Writer::write (52 bytes)
Event: 160.626 Thread 0x000001bb7f46d000 nmethod 16879 0x000001bb0ac38b10 code [0x000001bb0ac38ce0, 0x000001bb0ac391c8]
Event: 160.626 Thread 0x000001bb7f46d000 16880       3       org.apache.groovy.io.StringBuilderWriter::write (16 bytes)
Event: 160.627 Thread 0x000001bb7f46d000 nmethod 16880 0x000001bb0ac39390 code [0x000001bb0ac39560, 0x000001bb0ac39728]
Event: 160.677 Thread 0x000001bb7f46d000 16886       3       jdk.internal.misc.Unsafe::getAndSetObject (24 bytes)
Event: 160.678 Thread 0x000001bb7f46d000 nmethod 16886 0x000001bb0ac39810 code [0x000001bb0ac399e0, 0x000001bb0ac39cd8]
Event: 160.898 Thread 0x000001bb7f46d000 16887       3       org.jetbrains.kotlin.gradle.utils.FileUtilsKt::isJavaFile (17 bytes)
Event: 160.900 Thread 0x000001bb7f46d000 nmethod 16887 0x000001bb0ac39e10 code [0x000001bb0ac3a100, 0x000001bb0ac3ad78]
Event: 160.933 Thread 0x000001bb7f46d000 16888  s    3       org.gradle.internal.nativeintegration.services.NativeServices::getInstance (23 bytes)
Event: 160.934 Thread 0x000001bb7f46d000 nmethod 16888 0x000001bb0ac3b210 code [0x000001bb0ac3b3e0, 0x000001bb0ac3b768]
Event: 160.950 Thread 0x000001bb7f46d000 16889       3       org.gradle.internal.nativeintegration.services.FileSystems::getDefault (12 bytes)
Event: 160.952 Thread 0x000001bb7f46d000 nmethod 16889 0x000001bb0ac3b890 code [0x000001bb0ac3bae0, 0x000001bb0ac3c3f8]

GC Heap History (20 events):
Event: 134.641 GC heap before
{Heap before GC invocations=64 (full 0):
 garbage-first heap   total 218112K, used 165185K [0x0000000080000000, 0x0000000100000000)
  region size 1024K, 43 young (44032K), 6 survivors (6144K)
 Metaspace       used 117123K, capacity 121118K, committed 121300K, reserved 622592K
  class space    used 15322K, capacity 16822K, committed 16896K, reserved 516096K
}
Event: 134.663 GC heap after
{Heap after GC invocations=65 (full 0):
 garbage-first heap   total 218112K, used 131863K [0x0000000080000000, 0x0000000100000000)
  region size 1024K, 5 young (5120K), 5 survivors (5120K)
 Metaspace       used 117123K, capacity 121118K, committed 121300K, reserved 622592K
  class space    used 15322K, capacity 16822K, committed 16896K, reserved 516096K
}
Event: 135.686 GC heap before
{Heap before GC invocations=65 (full 0):
 garbage-first heap   total 218112K, used 169751K [0x0000000080000000, 0x0000000100000000)
  region size 1024K, 42 young (43008K), 5 survivors (5120K)
 Metaspace       used 117961K, capacity 121886K, committed 122196K, reserved 622592K
  class space    used 15390K, capacity 16923K, committed 17024K, reserved 516096K
}
Event: 135.703 GC heap after
{Heap after GC invocations=66 (full 0):
 garbage-first heap   total 218112K, used 136557K [0x0000000080000000, 0x0000000100000000)
  region size 1024K, 5 young (5120K), 5 survivors (5120K)
 Metaspace       used 117961K, capacity 121886K, committed 122196K, reserved 622592K
  class space    used 15390K, capacity 16923K, committed 17024K, reserved 516096K
}
Event: 136.741 GC heap before
{Heap before GC invocations=67 (full 0):
 garbage-first heap   total 218112K, used 173421K [0x0000000080000000, 0x0000000100000000)
  region size 1024K, 41 young (41984K), 5 survivors (5120K)
 Metaspace       used 119762K, capacity 123760K, committed 123988K, reserved 624640K
  class space    used 15609K, capacity 17155K, committed 17280K, reserved 516096K
}
Event: 136.757 GC heap after
{Heap after GC invocations=68 (full 0):
 garbage-first heap   total 218112K, used 138996K [0x0000000080000000, 0x0000000100000000)
  region size 1024K, 3 young (3072K), 3 survivors (3072K)
 Metaspace       used 119762K, capacity 123760K, committed 123988K, reserved 624640K
  class space    used 15609K, capacity 17155K, committed 17280K, reserved 516096K
}
Event: 137.506 GC heap before
{Heap before GC invocations=68 (full 0):
 garbage-first heap   total 218112K, used 174836K [0x0000000080000000, 0x0000000100000000)
  region size 1024K, 39 young (39936K), 3 survivors (3072K)
 Metaspace       used 120801K, capacity 124866K, committed 125012K, reserved 624640K
  class space    used 15697K, capacity 17238K, committed 17280K, reserved 516096K
}
Event: 137.522 GC heap after
{Heap after GC invocations=69 (full 0):
 garbage-first heap   total 218112K, used 143673K [0x0000000080000000, 0x0000000100000000)
  region size 1024K, 5 young (5120K), 5 survivors (5120K)
 Metaspace       used 120801K, capacity 124866K, committed 125012K, reserved 624640K
  class space    used 15697K, capacity 17238K, committed 17280K, reserved 516096K
}
Event: 139.208 GC heap before
{Heap before GC invocations=70 (full 0):
 garbage-first heap   total 218112K, used 178489K [0x0000000080000000, 0x0000000100000000)
  region size 1024K, 40 young (40960K), 5 survivors (5120K)
 Metaspace       used 121920K, capacity 125924K, committed 126164K, reserved 626688K
  class space    used 15762K, capacity 17282K, committed 17408K, reserved 516096K
}
Event: 139.236 GC heap after
{Heap after GC invocations=71 (full 0):
 garbage-first heap   total 218112K, used 145635K [0x0000000080000000, 0x0000000100000000)
  region size 1024K, 3 young (3072K), 3 survivors (3072K)
 Metaspace       used 121920K, capacity 125924K, committed 126164K, reserved 626688K
  class space    used 15762K, capacity 17282K, committed 17408K, reserved 516096K
}
Event: 142.877 GC heap before
{Heap before GC invocations=71 (full 0):
 garbage-first heap   total 218112K, used 179427K [0x0000000080000000, 0x0000000100000000)
  region size 1024K, 37 young (37888K), 3 survivors (3072K)
 Metaspace       used 122226K, capacity 126464K, committed 126804K, reserved 626688K
  class space    used 15804K, capacity 17419K, committed 17536K, reserved 516096K
}
Event: 142.890 GC heap after
{Heap after GC invocations=72 (full 0):
 garbage-first heap   total 262144K, used 148209K [0x0000000080000000, 0x0000000100000000)
  region size 1024K, 5 young (5120K), 5 survivors (5120K)
 Metaspace       used 122226K, capacity 126464K, committed 126804K, reserved 626688K
  class space    used 15804K, capacity 17419K, committed 17536K, reserved 516096K
}
Event: 151.215 GC heap before
{Heap before GC invocations=73 (full 0):
 garbage-first heap   total 262144K, used 200433K [0x0000000080000000, 0x0000000100000000)
  region size 1024K, 57 young (58368K), 5 survivors (5120K)
 Metaspace       used 122426K, capacity 126599K, committed 126804K, reserved 626688K
  class space    used 15816K, capacity 17428K, committed 17536K, reserved 516096K
}
Event: 151.261 GC heap after
{Heap after GC invocations=74 (full 0):
 garbage-first heap   total 262144K, used 153961K [0x0000000080000000, 0x0000000100000000)
  region size 1024K, 8 young (8192K), 8 survivors (8192K)
 Metaspace       used 122426K, capacity 126599K, committed 126804K, reserved 626688K
  class space    used 15816K, capacity 17428K, committed 17536K, reserved 516096K
}
Event: 153.263 GC heap before
{Heap before GC invocations=74 (full 0):
 garbage-first heap   total 262144K, used 205161K [0x0000000080000000, 0x0000000100000000)
  region size 1024K, 59 young (60416K), 8 survivors (8192K)
 Metaspace       used 122830K, capacity 126949K, committed 127060K, reserved 626688K
  class space    used 15839K, capacity 17444K, committed 17536K, reserved 516096K
}
Event: 153.298 GC heap after
{Heap after GC invocations=75 (full 0):
 garbage-first heap   total 262144K, used 158155K [0x0000000080000000, 0x0000000100000000)
  region size 1024K, 5 young (5120K), 5 survivors (5120K)
 Metaspace       used 122830K, capacity 126949K, committed 127060K, reserved 626688K
  class space    used 15839K, capacity 17444K, committed 17536K, reserved 516096K
}
Event: 155.493 GC heap before
{Heap before GC invocations=76 (full 0):
 garbage-first heap   total 262144K, used 208331K [0x0000000080000000, 0x0000000100000000)
  region size 1024K, 55 young (56320K), 5 survivors (5120K)
 Metaspace       used 123067K, capacity 127323K, committed 127572K, reserved 626688K
  class space    used 15854K, capacity 17460K, committed 17536K, reserved 516096K
}
Event: 155.506 GC heap after
{Heap after GC invocations=77 (full 0):
 garbage-first heap   total 262144K, used 161005K [0x0000000080000000, 0x0000000100000000)
  region size 1024K, 7 young (7168K), 7 survivors (7168K)
 Metaspace       used 123067K, capacity 127323K, committed 127572K, reserved 626688K
  class space    used 15854K, capacity 17460K, committed 17536K, reserved 516096K
}
Event: 158.971 GC heap before
{Heap before GC invocations=77 (full 0):
 garbage-first heap   total 262144K, used 212205K [0x0000000080000000, 0x0000000100000000)
  region size 1024K, 58 young (59392K), 7 survivors (7168K)
 Metaspace       used 124181K, capacity 128426K, committed 128724K, reserved 628736K
  class space    used 15986K, capacity 17605K, committed 17664K, reserved 516096K
}
Event: 158.990 GC heap after
{Heap after GC invocations=78 (full 0):
 garbage-first heap   total 262144K, used 164759K [0x0000000080000000, 0x0000000100000000)
  region size 1024K, 8 young (8192K), 8 survivors (8192K)
 Metaspace       used 124181K, capacity 128426K, committed 128724K, reserved 628736K
  class space    used 15986K, capacity 17605K, committed 17664K, reserved 516096K
}

Deoptimization events (20 events):
Event: 159.096 Thread 0x000001bb1f803800 DEOPT PACKING pc=0x000001bb102b039c sp=0x000000b00fafd6c0
Event: 159.096 Thread 0x000001bb1f803800 DEOPT UNPACKING pc=0x000001bb086a85af sp=0x000000b00fafd670 mode 2
Event: 159.096 Thread 0x000001bb1f803800 Uncommon trap: trap_request=0xffffffc6 fr.pc=0x000001bb102b039c relative=0x000000000000049c
Event: 159.096 Thread 0x000001bb1f803800 Uncommon trap: reason=bimorphic_or_optimized_type_check action=maybe_recompile pc=0x000001bb102b039c method=java.util.Spliterators$IteratorSpliterator.tryAdvance(Ljava/util/function/Consumer;)Z @ 50 c2
Event: 159.096 Thread 0x000001bb1f803800 DEOPT PACKING pc=0x000001bb102b039c sp=0x000000b00fafd6c0
Event: 159.096 Thread 0x000001bb1f803800 DEOPT UNPACKING pc=0x000001bb086a85af sp=0x000000b00fafd670 mode 2
Event: 159.103 Thread 0x000001bb1f803800 Uncommon trap: trap_request=0xffffffc6 fr.pc=0x000001bb102b039c relative=0x000000000000049c
Event: 159.103 Thread 0x000001bb1f803800 Uncommon trap: reason=bimorphic_or_optimized_type_check action=maybe_recompile pc=0x000001bb102b039c method=java.util.Spliterators$IteratorSpliterator.tryAdvance(Ljava/util/function/Consumer;)Z @ 50 c2
Event: 159.103 Thread 0x000001bb1f803800 DEOPT PACKING pc=0x000001bb102b039c sp=0x000000b00fafd6c0
Event: 159.103 Thread 0x000001bb1f803800 DEOPT UNPACKING pc=0x000001bb086a85af sp=0x000000b00fafd670 mode 2
Event: 159.103 Thread 0x000001bb1f803800 Uncommon trap: trap_request=0xffffffc6 fr.pc=0x000001bb102b039c relative=0x000000000000049c
Event: 159.103 Thread 0x000001bb1f803800 Uncommon trap: reason=bimorphic_or_optimized_type_check action=maybe_recompile pc=0x000001bb102b039c method=java.util.Spliterators$IteratorSpliterator.tryAdvance(Ljava/util/function/Consumer;)Z @ 50 c2
Event: 159.103 Thread 0x000001bb1f803800 DEOPT PACKING pc=0x000001bb102b039c sp=0x000000b00fafd6c0
Event: 159.103 Thread 0x000001bb1f803800 DEOPT UNPACKING pc=0x000001bb086a85af sp=0x000000b00fafd670 mode 2
Event: 159.615 Thread 0x000001bb1f803800 DEOPT PACKING pc=0x000001bb0a5ead98 sp=0x000000b00faf9ed0
Event: 159.615 Thread 0x000001bb1f803800 DEOPT UNPACKING pc=0x000001bb086e9d0e sp=0x000000b00faf93d0 mode 0
Event: 160.042 Thread 0x000001bb1f803800 DEOPT PACKING pc=0x000001bb09b66ef6 sp=0x000000b00fafa770
Event: 160.042 Thread 0x000001bb1f803800 DEOPT UNPACKING pc=0x000001bb086e9d0e sp=0x000000b00faf9c40 mode 0
Event: 160.049 Thread 0x000001bb1f803800 DEOPT PACKING pc=0x000001bb09b66ef6 sp=0x000000b00fafa770
Event: 160.049 Thread 0x000001bb1f803800 DEOPT UNPACKING pc=0x000001bb086e9d0e sp=0x000000b00faf9c40 mode 0

Classes redefined (0 events):
No events

Internal exceptions (20 events):
Event: 150.126 Thread 0x000001bb1f7ff800 Implicit null exception at 0x000001bb108151b2 to 0x000001bb10816dc0
Event: 150.156 Thread 0x000001bb1f7ff800 Exception <a 'java/lang/ClassNotFoundException'{0x000000008dc00a78}: java/util/LinkedHashSetBeanInfo> (0x000000008dc00a78) thrown at [./src/hotspot/share/classfile/systemDictionary.cpp, line 230]
Event: 150.158 Thread 0x000001bb1f7ff800 Exception <a 'java/lang/ClassNotFoundException'{0x000000008dc12fe0}: java/util/HashSetBeanInfo> (0x000000008dc12fe0) thrown at [./src/hotspot/share/classfile/systemDictionary.cpp, line 230]
Event: 150.161 Thread 0x000001bb1f7ff800 Exception <a 'java/lang/ClassNotFoundException'{0x000000008dc26848}: java/util/HashSetCustomizer> (0x000000008dc26848) thrown at [./src/hotspot/share/classfile/systemDictionary.cpp, line 230]
Event: 150.170 Thread 0x000001bb1f7ff800 Exception <a 'java/lang/ClassNotFoundException'{0x000000008dc42498}: java/util/LinkedHashSetCustomizer> (0x000000008dc42498) thrown at [./src/hotspot/share/classfile/systemDictionary.cpp, line 230]
Event: 150.211 Thread 0x000001bb1f800800 Implicit null exception at 0x000001bb107ec93f to 0x000001bb107efc1c
Event: 150.223 Thread 0x000001bb1f803000 Implicit null exception at 0x000001bb107dc62f to 0x000001bb107dcabc
Event: 150.224 Thread 0x000001bb1f800800 Implicit null exception at 0x000001bb107f5237 to 0x000001bb107f99d8
Event: 150.468 Thread 0x000001bb1f7ff800 Exception <a 'java/lang/NoSuchMethodError'{0x000000008daa95a8}: <clinit>> (0x000000008daa95a8) thrown at [./src/hotspot/share/prims/jni.cpp, line 1367]
Event: 152.179 Thread 0x000001bb1f800800 Exception <a 'java/lang/NoSuchMethodError'{0x000000008e9886d0}: <clinit>> (0x000000008e9886d0) thrown at [./src/hotspot/share/prims/jni.cpp, line 1367]
Event: 152.183 Thread 0x000001bb1f800800 Exception <a 'java/lang/NoSuchMethodError'{0x000000008e995e28}: <clinit>> (0x000000008e995e28) thrown at [./src/hotspot/share/prims/jni.cpp, line 1367]
Event: 155.210 Thread 0x000001bb1f800800 Exception <a 'java/lang/NoSuchMethodError'{0x000000008d911520}: <clinit>> (0x000000008d911520) thrown at [./src/hotspot/share/prims/jni.cpp, line 1367]
Event: 155.210 Thread 0x000001bb1f800800 Exception <a 'java/lang/NoSuchMethodError'{0x000000008d912b10}: <clinit>> (0x000000008d912b10) thrown at [./src/hotspot/share/prims/jni.cpp, line 1367]
Event: 155.211 Thread 0x000001bb1f800800 Exception <a 'java/lang/NoSuchMethodError'{0x000000008d915970}: <clinit>> (0x000000008d915970) thrown at [./src/hotspot/share/prims/jni.cpp, line 1367]
Event: 155.213 Thread 0x000001bb1f800800 Exception <a 'java/lang/NoSuchMethodError'{0x000000008d92ed68}: <clinit>> (0x000000008d92ed68) thrown at [./src/hotspot/share/prims/jni.cpp, line 1367]
Event: 155.213 Thread 0x000001bb1f800800 Exception <a 'java/lang/NoSuchMethodError'{0x000000008d92ffa0}: <clinit>> (0x000000008d92ffa0) thrown at [./src/hotspot/share/prims/jni.cpp, line 1367]
Event: 158.915 Thread 0x000001bb1f800800 Exception <a 'java/lang/reflect/InvocationTargetException'{0x000000008ced65f0}> (0x000000008ced65f0) thrown at [./src/hotspot/share/runtime/reflection.cpp, line 1247]
Event: 159.049 Thread 0x000001bb1f800800 Exception <a 'java/lang/NoSuchMethodError'{0x000000008fe1d348}: <clinit>> (0x000000008fe1d348) thrown at [./src/hotspot/share/prims/jni.cpp, line 1367]
Event: 159.052 Thread 0x000001bb1f800800 Exception <a 'java/lang/NoSuchMethodError'{0x000000008fe3b5e0}: <clinit>> (0x000000008fe3b5e0) thrown at [./src/hotspot/share/prims/jni.cpp, line 1367]
Event: 159.053 Thread 0x000001bb1f800800 Exception <a 'java/lang/NoSuchMethodError'{0x000000008fe3ce58}: <clinit>> (0x000000008fe3ce58) thrown at [./src/hotspot/share/prims/jni.cpp, line 1367]

Events (20 events):
Event: 160.640 loading class org/jetbrains/kotlin/compilerRunner/ReportUtilsKt$createLoggingMessageCollector$1 done
Event: 160.641 loading class org/jetbrains/kotlin/cli/common/messages/XmlMessageRenderer
Event: 160.641 loading class org/jetbrains/kotlin/cli/common/messages/XmlMessageRenderer done
Event: 160.643 loading class org/jetbrains/kotlin/cli/common/messages/MessageRenderer$1
Event: 160.643 loading class org/jetbrains/kotlin/cli/common/messages/MessageRenderer$1 done
Event: 160.644 loading class org/jetbrains/kotlin/cli/common/messages/PlainTextMessageRenderer
Event: 160.644 loading class org/jetbrains/kotlin/cli/common/messages/PlainTextMessageRenderer done
Event: 160.647 loading class org/jetbrains/kotlin/cli/common/messages/MessageRenderer$2
Event: 160.647 loading class org/jetbrains/kotlin/cli/common/messages/MessageRenderer$2 done
Event: 160.653 loading class org/jetbrains/kotlin/cli/common/messages/MessageRenderer$3
Event: 160.653 loading class org/jetbrains/kotlin/cli/common/messages/MessageRenderer$3 done
Event: 160.658 loading class org/jetbrains/kotlin/cli/common/messages/MessageRenderer$4
Event: 160.658 loading class org/jetbrains/kotlin/cli/common/messages/MessageRenderer$4 done
Event: 160.670 loading class org/jetbrains/kotlin/compilerRunner/ReportUtilsKt$runToolInSeparateProcess$readErrThread$1
Event: 160.670 loading class org/jetbrains/kotlin/compilerRunner/ReportUtilsKt$runToolInSeparateProcess$readErrThread$1 done
Event: 160.672 Thread 0x000001bb1c3ca000 Thread added: 0x000001bb1c3ca000
Event: 160.673 loading class org/jetbrains/kotlin/compilerRunner/ReportUtilsKt$runToolInSeparateProcess$1
Event: 160.673 loading class org/jetbrains/kotlin/compilerRunner/ReportUtilsKt$runToolInSeparateProcess$1 done
Event: 160.673 loading class org/jetbrains/kotlin/compilerRunner/ReportUtilsKt$runToolInSeparateProcess$readErrThread$1$1
Event: 160.673 loading class org/jetbrains/kotlin/compilerRunner/ReportUtilsKt$runToolInSeparateProcess$readErrThread$1$1 done


Dynamic libraries:
0x00007ff7e2fb0000 - 0x00007ff7e2fbd000 	C:\Program Files\Eclipse Adoptium\jdk-11.0.17.8-hotspot\bin\java.exe
0x00007ffe374f0000 - 0x00007ffe376e8000 	C:\WINDOWS\SYSTEM32\ntdll.dll
0x00007ffe35ea0000 - 0x00007ffe35f5f000 	C:\WINDOWS\System32\KERNEL32.DLL
0x00007ffe34be0000 - 0x00007ffe34eb2000 	C:\WINDOWS\System32\KERNELBASE.dll
0x00007ffe35020000 - 0x00007ffe35120000 	C:\WINDOWS\System32\ucrtbase.dll
0x00007ffe2dde0000 - 0x00007ffe2ddf5000 	C:\Program Files\Eclipse Adoptium\jdk-11.0.17.8-hotspot\bin\VCRUNTIME140.dll
0x00007ffe2ead0000 - 0x00007ffe2eae7000 	C:\Program Files\Eclipse Adoptium\jdk-11.0.17.8-hotspot\bin\jli.dll
0x00007ffe37300000 - 0x00007ffe374a1000 	C:\WINDOWS\System32\USER32.dll
0x00007ffe351c0000 - 0x00007ffe351e2000 	C:\WINDOWS\System32\win32u.dll
0x00007ffe20550000 - 0x00007ffe207ea000 	C:\WINDOWS\WinSxS\amd64_microsoft.windows.common-controls_6595b64144ccf1df_6.0.19041.1110_none_60b5254171f9507e\COMCTL32.dll
0x00007ffe366a0000 - 0x00007ffe366cb000 	C:\WINDOWS\System32\GDI32.dll
0x00007ffe36600000 - 0x00007ffe3669e000 	C:\WINDOWS\System32\msvcrt.dll
0x00007ffe34ec0000 - 0x00007ffe34fcf000 	C:\WINDOWS\System32\gdi32full.dll
0x00007ffe351f0000 - 0x00007ffe3528d000 	C:\WINDOWS\System32\msvcp_win.dll
0x00007ffe365a0000 - 0x00007ffe365d2000 	C:\WINDOWS\System32\IMM32.DLL
0x00007ffe0c3a0000 - 0x00007ffe0c43b000 	C:\Program Files\Eclipse Adoptium\jdk-11.0.17.8-hotspot\bin\msvcp140.dll
0x00007ffde01f0000 - 0x00007ffde0d72000 	C:\Program Files\Eclipse Adoptium\jdk-11.0.17.8-hotspot\bin\server\jvm.dll
0x00007ffe35df0000 - 0x00007ffe35e9e000 	C:\WINDOWS\System32\ADVAPI32.dll
0x00007ffe35710000 - 0x00007ffe357ac000 	C:\WINDOWS\System32\sechost.dll
0x00007ffe36470000 - 0x00007ffe36595000 	C:\WINDOWS\System32\RPCRT4.dll
0x00007ffe35ff0000 - 0x00007ffe35ff8000 	C:\WINDOWS\System32\PSAPI.DLL
0x00007ffe2f1d0000 - 0x00007ffe2f1da000 	C:\WINDOWS\SYSTEM32\VERSION.dll
0x00007ffe2dd80000 - 0x00007ffe2dd89000 	C:\WINDOWS\SYSTEM32\WSOCK32.dll
0x00007ffe207f0000 - 0x00007ffe20817000 	C:\WINDOWS\SYSTEM32\WINMM.dll
0x00007ffe35920000 - 0x00007ffe3598b000 	C:\WINDOWS\System32\WS2_32.dll
0x00007ffe32960000 - 0x00007ffe32972000 	C:\WINDOWS\SYSTEM32\kernel.appcore.dll
0x00007ffe2dd10000 - 0x00007ffe2dd20000 	C:\Program Files\Eclipse Adoptium\jdk-11.0.17.8-hotspot\bin\verify.dll
0x00007ffe2d660000 - 0x00007ffe2d844000 	C:\WINDOWS\SYSTEM32\DBGHELP.DLL
0x00007ffe2d560000 - 0x00007ffe2d595000 	C:\WINDOWS\SYSTEM32\dbgcore.DLL
0x00007ffe35290000 - 0x00007ffe35312000 	C:\WINDOWS\System32\bcryptPrimitives.dll
0x00007ffe18550000 - 0x00007ffe18578000 	C:\Program Files\Eclipse Adoptium\jdk-11.0.17.8-hotspot\bin\java.dll
0x00007ffe2cd30000 - 0x00007ffe2cd3a000 	C:\Program Files\Eclipse Adoptium\jdk-11.0.17.8-hotspot\bin\jimage.dll
0x00007ffe185c0000 - 0x00007ffe185d8000 	C:\Program Files\Eclipse Adoptium\jdk-11.0.17.8-hotspot\bin\zip.dll
0x00007ffe369b0000 - 0x00007ffe370f4000 	C:\WINDOWS\System32\SHELL32.dll
0x00007ffe32c60000 - 0x00007ffe333f2000 	C:\WINDOWS\SYSTEM32\windows.storage.dll
0x00007ffe35990000 - 0x00007ffe35ce5000 	C:\WINDOWS\System32\combase.dll
0x00007ffe34640000 - 0x00007ffe34670000 	C:\WINDOWS\SYSTEM32\Wldp.dll
0x00007ffe35660000 - 0x00007ffe3570d000 	C:\WINDOWS\System32\SHCORE.dll
0x00007ffe35600000 - 0x00007ffe35655000 	C:\WINDOWS\System32\shlwapi.dll
0x00007ffe34b20000 - 0x00007ffe34b3f000 	C:\WINDOWS\SYSTEM32\profapi.dll
0x00007ffe18530000 - 0x00007ffe18549000 	C:\Program Files\Eclipse Adoptium\jdk-11.0.17.8-hotspot\bin\net.dll
0x00007ffe2f900000 - 0x00007ffe2fa0c000 	C:\WINDOWS\SYSTEM32\WINHTTP.dll
0x00007ffe34330000 - 0x00007ffe3439a000 	C:\WINDOWS\system32\mswsock.dll
0x00007ffe18510000 - 0x00007ffe18523000 	C:\Program Files\Eclipse Adoptium\jdk-11.0.17.8-hotspot\bin\nio.dll
0x00007ffe1e500000 - 0x00007ffe1e527000 	C:\Users\lambl\.gradle\native\e1d6ef7f7dcc3fd88c89a11ec53ec762bb8ba0a96d01ffa2cd45eb1d1d8dd5c5\windows-amd64\native-platform.dll
0x00007ffdf26a0000 - 0x00007ffdf27e4000 	C:\Users\lambl\.gradle\native\0d407fdbe67a94daf76414ababcb853783967236a71b16ec16e742cd7a986fd3\windows-amd64\native-platform-file-events.dll
0x00007ffe24f60000 - 0x00007ffe24f69000 	C:\Program Files\Eclipse Adoptium\jdk-11.0.17.8-hotspot\bin\management.dll
0x00007ffe18120000 - 0x00007ffe1812b000 	C:\Program Files\Eclipse Adoptium\jdk-11.0.17.8-hotspot\bin\management_ext.dll
0x00007ffe34520000 - 0x00007ffe34538000 	C:\WINDOWS\SYSTEM32\CRYPTSP.dll
0x00007ffe33bc0000 - 0x00007ffe33bf4000 	C:\WINDOWS\system32\rsaenh.dll
0x00007ffe35120000 - 0x00007ffe35147000 	C:\WINDOWS\System32\bcrypt.dll
0x00007ffe34aa0000 - 0x00007ffe34ace000 	C:\WINDOWS\SYSTEM32\USERENV.dll
0x00007ffe34540000 - 0x00007ffe3454c000 	C:\WINDOWS\SYSTEM32\CRYPTBASE.dll
0x00007ffe34020000 - 0x00007ffe3405b000 	C:\WINDOWS\SYSTEM32\IPHLPAPI.DLL
0x00007ffe35f60000 - 0x00007ffe35f68000 	C:\WINDOWS\System32\NSI.dll
0x00007ffe2d870000 - 0x00007ffe2d887000 	C:\WINDOWS\SYSTEM32\dhcpcsvc6.DLL
0x00007ffe2dee0000 - 0x00007ffe2defd000 	C:\WINDOWS\SYSTEM32\dhcpcsvc.DLL
0x00007ffe34060000 - 0x00007ffe3412a000 	C:\WINDOWS\SYSTEM32\DNSAPI.dll
0x00007ffe185f0000 - 0x00007ffe1860e000 	C:\Users\lambl\AppData\Local\Temp\native-platform14302151198403167965dir\native-platform.dll
0x00007ffe185e0000 - 0x00007ffe185e7000 	C:\Program Files\Eclipse Adoptium\jdk-11.0.17.8-hotspot\bin\rmi.dll
0x00007ffe18020000 - 0x00007ffe18045000 	C:\Program Files\Eclipse Adoptium\jdk-11.0.17.8-hotspot\bin\sunec.dll
0x00007ffe2d3e0000 - 0x00007ffe2d3ea000 	C:\Windows\System32\rasadhlp.dll
0x00007ffe2cfc0000 - 0x00007ffe2d040000 	C:\WINDOWS\System32\fwpuclnt.dll
0x00007ffe17f40000 - 0x00007ffe17f4e000 	C:\Program Files\Eclipse Adoptium\jdk-11.0.17.8-hotspot\bin\sunmscapi.dll
0x00007ffe353d0000 - 0x00007ffe35526000 	C:\WINDOWS\System32\CRYPT32.dll
0x00007ffe346b0000 - 0x00007ffe346d7000 	C:\WINDOWS\SYSTEM32\ncrypt.dll
0x00007ffe34670000 - 0x00007ffe346ab000 	C:\WINDOWS\SYSTEM32\NTASN1.dll
0x00007ffe0ce40000 - 0x00007ffe0ce5e000 	C:\Users\lambl\AppData\Local\Temp\native-platform12997390613725114220dir\native-platform.dll

dbghelp: loaded successfully - version: 4.0.5 - missing functions: none
symbol engine: initialized successfully - sym options: 0x614 - pdb path: .;C:\Program Files\Eclipse Adoptium\jdk-11.0.17.8-hotspot\bin;C:\WINDOWS\SYSTEM32;C:\WINDOWS\WinSxS\amd64_microsoft.windows.common-controls_6595b64144ccf1df_6.0.19041.1110_none_60b5254171f9507e;C:\Program Files\Eclipse Adoptium\jdk-11.0.17.8-hotspot\bin\server;C:\Users\lambl\.gradle\native\e1d6ef7f7dcc3fd88c89a11ec53ec762bb8ba0a96d01ffa2cd45eb1d1d8dd5c5\windows-amd64;C:\Users\lambl\.gradle\native\0d407fdbe67a94daf76414ababcb853783967236a71b16ec16e742cd7a986fd3\windows-amd64;C:\Users\lambl\AppData\Local\Temp\native-platform14302151198403167965dir;C:\Users\lambl\AppData\Local\Temp\native-platform12997390613725114220dir

VM Arguments:
jvm_args: -XX:MaxMetaspaceSize=512m --add-opens=java.base/java.util=ALL-UNNAMED --add-opens=java.base/java.lang=ALL-UNNAMED --add-opens=java.base/java.lang.invoke=ALL-UNNAMED --add-opens=java.base/java.util=ALL-UNNAMED --add-opens=java.prefs/java.util.prefs=ALL-UNNAMED --add-opens=java.prefs/java.util.prefs=ALL-UNNAMED --add-opens=java.base/java.nio.charset=ALL-UNNAMED --add-opens=java.base/java.net=ALL-UNNAMED --add-opens=java.base/java.util.concurrent.atomic=ALL-UNNAMED -Xmx2048m -Dfile.encoding=windows-1252 -Duser.country=US -Duser.language=en -Duser.variant 
java_command: org.gradle.launcher.daemon.bootstrap.GradleDaemon 7.5.1
java_class_path (initial): C:\Users\lambl\.gradle\wrapper\dists\gradle-7.5.1-all\1ehga6e77gqps5uk2kc5kf1vc\gradle-7.5.1\lib\gradle-launcher-7.5.1.jar
Launcher Type: SUN_STANDARD

[Global flags]
     intx CICompilerCount                          = 4                                         {product} {ergonomic}
   size_t CompressedClassSpaceSize                 = 528482304                                 {product} {ergonomic}
     uint ConcGCThreads                            = 2                                         {product} {ergonomic}
     uint G1ConcRefinementThreads                  = 8                                         {product} {ergonomic}
   size_t G1HeapRegionSize                         = 1048576                                   {product} {ergonomic}
    uintx GCDrainStackTargetSize                   = 64                                        {product} {ergonomic}
   size_t InitialHeapSize                          = 127926272                                 {product} {ergonomic}
   size_t MarkStackSize                            = 4194304                                   {product} {ergonomic}
   size_t MaxHeapSize                              = 2147483648                                {product} {command line}
   size_t MaxMetaspaceSize                         = 536870912                                 {product} {command line}
   size_t MaxNewSize                               = 1287651328                                {product} {ergonomic}
   size_t MinHeapDeltaBytes                        = 1048576                                   {product} {ergonomic}
    uintx NonNMethodCodeHeapSize                   = 5836300                                {pd product} {ergonomic}
    uintx NonProfiledCodeHeapSize                  = 122910970                              {pd product} {ergonomic}
    uintx ProfiledCodeHeapSize                     = 122910970                              {pd product} {ergonomic}
    uintx ReservedCodeCacheSize                    = 251658240                              {pd product} {ergonomic}
     bool SegmentedCodeCache                       = true                                      {product} {ergonomic}
     bool UseCompressedClassPointers               = true                                 {lp64_product} {ergonomic}
     bool UseCompressedOops                        = true                                 {lp64_product} {ergonomic}
     bool UseG1GC                                  = true                                      {product} {ergonomic}
     bool UseLargePagesIndividualAllocation        = false                                  {pd product} {ergonomic}

Logging:
Log output configuration:
 #0: stdout all=warning uptime,level,tags
 #1: stderr all=off uptime,level,tags

Environment Variables:
CLASSPATH=C:\Users\lambl\OneDrive - University of South Carolina\Documents\GitHub\CockysCoders\android\\gradle\wrapper\gradle-wrapper.jar
PATH=C:\Users\lambl\OneDrive - University of South Carolina\Documents\GitHub\CockysCoders\android\node_modules\.bin;C:\Users\lambl\OneDrive - University of South Carolina\Documents\GitHub\CockysCoders\node_modules\.bin;C:\Users\lambl\OneDrive - University of South Carolina\Documents\GitHub\node_modules\.bin;C:\Users\lambl\OneDrive - University of South Carolina\Documents\node_modules\.bin;C:\Users\lambl\OneDrive - University of South Carolina\node_modules\.bin;C:\Users\lambl\node_modules\.bin;C:\Users\node_modules\.bin;C:\node_modules\.bin;C:\Program Files\nodejs;C:\Users\lambl\OneDrive - University of South Carolina\Documents\GitHub\CockysCoders\node_modules\.bin;C:\Users\lambl\OneDrive - University of South Carolina\Documents\GitHub\CockysCoders\node_modules\.bin;C:\Users\lambl\OneDrive - University of South Carolina\Documents\GitHub\node_modules\.bin;C:\Users\lambl\OneDrive - University of South Carolina\Documents\node_modules\.bin;C:\Users\lambl\OneDrive - University of South Carolina\node_modules\.bin;C:\Users\lambl\node_modules\.bin;C:\Users\node_modules\.bin;C:\node_modules\.bin;C:\Users\lambl\AppData\Roaming\npm\node_modules\npm\node_modules\@npmcli\run-script\lib\node-gyp-bin;C:\Program Files\Eclipse Adoptium\jdk-11.0.17.8-hotspot\bin;C:\Program Files\Eclipse Adoptium\jdk-17.0.5.8-hotspot\bin;C:\Program Files\Common Files\Oracle\Java\javapath;C:\WINDOWS\system32;C:\WINDOWS;C:\WINDOWS\System32\Wbem;C:\WINDOWS\System32\WindowsPowerShell\v1.0\;C:\WINDOWS\System32\OpenSSH\;C:\Program Files\MATLAB\R2022b\bin;C:\ProgramData\chocolatey\bin;C:\Program Files\Git\cmd;C:\Program Files (x86)\MAVProxy;C:\Program Files\nodejs\;C:\Users\lambl\AppData\Roaming\npm;C:\Program Files (x86)\GNU Arm Embedded Toolchain\10 2020-q4-major\bin;C:\Users\lambl\AppData\Local\Programs\Python\Python310\Scripts\;C:\Users\lambl\AppData\Local\Programs\Python\Python310\;C:\Users\lambl\AppData\Local\Microsoft\WindowsApps;C:\Users\lambl\AppData\Local\Programs\Microsoft VS Code\bin;C:\Users\lambl\A
USERNAME=lambl
OS=Windows_NT
PROCESSOR_IDENTIFIER=Intel64 Family 6 Model 126 Stepping 5, GenuineIntel
TMP=C:\Users\lambl\AppData\Local\Temp
TEMP=C:\Users\lambl\AppData\Local\Temp



---------------  S Y S T E M  ---------------

OS: Windows 10 , 64 bit Build 19041 (10.0.19041.2364)
OS uptime: 0 days 22:37 hours
Hyper-V role detected

CPU:total 8 (initial active 8) (4 cores per cpu, 2 threads per core) family 6 model 126 stepping 5 microcode 0xb0, cmov, cx8, fxsr, mmx, sse, sse2, sse3, ssse3, sse4.1, sse4.2, popcnt, avx, avx2, aes, clmul, erms, 3dnowpref, lzcnt, ht, tsc, tscinvbit, bmi1, bmi2, adx, evex, sha, fma

Memory: 4k page, system-wide physical 7778M (283M free)
TotalPageFile size 21443M (AvailPageFile size 75M)
current process WorkingSet (physical memory assigned to process): 505M, peak: 510M
current process commit charge ("private bytes"): 629M, peak: 630M

vm_info: OpenJDK 64-Bit Server VM (11.0.17+8) for windows-amd64 JRE (11.0.17+8), built on Oct 19 2022 00:04:05 by "" with MS VC++ 15.9 (VS2017)

END.
