#
# There is insufficient memory for the Java Runtime Environment to continue.
# Native memory allocation (malloc) failed to allocate 144336 bytes for Chunk::new
# Possible reasons:
#   The system is out of physical RAM or swap space
#   The process is running with CompressedOops enabled, and the Java Heap may be blocking the growth of the native heap
# Possible solutions:
#   Reduce memory load on the system
#   Increase physical memory or swap space
#   Check if swap backing store is full
#   Decrease Java heap size (-Xmx/-Xms)
#   Decrease number of Java threads
#   Decrease Java thread stack sizes (-Xss)
#   Set larger code cache with -XX:ReservedCodeCacheSize=
#   JVM is running with Unscaled Compressed Oops mode in which the Java heap is
#     placed in the first 4GB address space. The Java Heap base address is the
#     maximum limit for the native heap growth. Please use -XX:HeapBaseMinAddress
#     to set the Java Heap base and to place the Java Heap above 4GB virtual address.
# This output file may be truncated or incomplete.
#
#  Out of Memory Error (arena.cpp:184), pid=3164, tid=14796
#
# JRE version: Java(TM) SE Runtime Environment (19.0.1+10) (build 19.0.1+10-21)
# Java VM: Java HotSpot(TM) 64-Bit Server VM (19.0.1+10-21, mixed mode, sharing, tiered, compressed oops, compressed class ptrs, g1 gc, windows-amd64)
# No core dump will be written. Minidumps are not enabled by default on client versions of Windows
#

---------------  S U M M A R Y ------------

Command Line: -Xmx64m -Xms64m -Dorg.gradle.appname=gradlew org.gradle.wrapper.GradleWrapperMain app:installDebug -PreactNativeDevServerPort=8081

Host: Intel(R) Core(TM) i5-1035G4 CPU @ 1.10GHz, 8 cores, 7G,  Windows 11 , 64 bit Build 22000 (10.0.22000.1516)
Time: Sun Mar 26 16:17:31 2023 Eastern Daylight Time elapsed time: 11.269737 seconds (0d 0h 0m 11s)

---------------  T H R E A D  ---------------

Current thread (0x000001f3f0867930):  JavaThread "C2 CompilerThread0" daemon [_thread_in_native, id=14796, stack(0x000000de3ab00000,0x000000de3ac00000)]


Current CompileTask:
C2:  11271 1076       4       java.util.HashSet::add (20 bytes)

Stack: [0x000000de3ab00000,0x000000de3ac00000]
Native frames: (J=compiled Java code, j=interpreted, Vv=VM code, C=native code)
V  [jvm.dll+0x6ee8fa]
V  [jvm.dll+0x857a1e]
V  [jvm.dll+0x85940e]
V  [jvm.dll+0x859ac3]
V  [jvm.dll+0x28291f]
V  [jvm.dll+0xc9b5f]
V  [jvm.dll+0xc9ee5]
V  [jvm.dll+0x3bcb72]
V  [jvm.dll+0x1eddb4]
V  [jvm.dll+0x24c41b]
V  [jvm.dll+0x24b671]
V  [jvm.dll+0x1d6d61]
V  [jvm.dll+0x25b0fa]
V  [jvm.dll+0x259588]
V  [jvm.dll+0x807928]
V  [jvm.dll+0x8015fa]
V  [jvm.dll+0x6ed5eb]
C  [ucrtbase.dll+0x26c0c]
C  [KERNEL32.DLL+0x155a0]
C  [ntdll.dll+0x485b]


---------------  P R O C E S S  ---------------

Threads class SMR info:
_java_thread_list=0x000001f3f5595c50, length=13, elements={
0x000001f3d6a20170, 0x000001f3d6aed970, 0x000001f3d6aee2a0, 0x000001f3f0864f60,
0x000001f3f0865890, 0x000001f3f08661c0, 0x000001f3f0866be0, 0x000001f3f0867930,
0x000001f3f08d8f60, 0x000001f3f08f35b0, 0x000001f3f4c6f540, 0x000001f3f4c72710,
0x000001f3f4ec2e20
}

Java Threads: ( => current thread )
  0x000001f3d6a20170 JavaThread "main" [_thread_in_Java, id=12900, stack(0x000000de39e00000,0x000000de39f00000)]
  0x000001f3d6aed970 JavaThread "Reference Handler" daemon [_thread_blocked, id=8104, stack(0x000000de3a500000,0x000000de3a600000)]
  0x000001f3d6aee2a0 JavaThread "Finalizer" daemon [_thread_blocked, id=11260, stack(0x000000de3a600000,0x000000de3a700000)]
  0x000001f3f0864f60 JavaThread "Signal Dispatcher" daemon [_thread_blocked, id=18068, stack(0x000000de3a700000,0x000000de3a800000)]
  0x000001f3f0865890 JavaThread "Attach Listener" daemon [_thread_blocked, id=14924, stack(0x000000de3a800000,0x000000de3a900000)]
  0x000001f3f08661c0 JavaThread "Service Thread" daemon [_thread_blocked, id=19368, stack(0x000000de3a900000,0x000000de3aa00000)]
  0x000001f3f0866be0 JavaThread "Monitor Deflation Thread" daemon [_thread_blocked, id=15164, stack(0x000000de3aa00000,0x000000de3ab00000)]
=>0x000001f3f0867930 JavaThread "C2 CompilerThread0" daemon [_thread_in_native, id=14796, stack(0x000000de3ab00000,0x000000de3ac00000)]
  0x000001f3f08d8f60 JavaThread "C1 CompilerThread0" daemon [_thread_blocked, id=16864, stack(0x000000de3ac00000,0x000000de3ad00000)]
  0x000001f3f08f35b0 JavaThread "Sweeper thread" daemon [_thread_blocked, id=13116, stack(0x000000de3ad00000,0x000000de3ae00000)]
  0x000001f3f4c6f540 JavaThread "Notification Thread" daemon [_thread_blocked, id=17796, stack(0x000000de3ae00000,0x000000de3af00000)]
  0x000001f3f4c72710 JavaThread "Common-Cleaner" daemon [_thread_blocked, id=14940, stack(0x000000de3b000000,0x000000de3b100000)]
  0x000001f3f4ec2e20 JavaThread "pool-1-thread-1" [_thread_blocked, id=8704, stack(0x000000de3b600000,0x000000de3b700000)]

Other Threads:
  0x000001f3d6ad80b0 VMThread "VM Thread" [stack: 0x000000de3a400000,0x000000de3a500000] [id=11764]
  0x000001f3f4c71a90 WatcherThread "VM Periodic Task Thread" [stack: 0x000000de3af00000,0x000000de3b000000] [id=17308]
  0x000001f3d6a477e0 WorkerThread "GC Thread#0" [stack: 0x000000de39f00000,0x000000de3a000000] [id=2556]
  0x000001f3f4f12870 WorkerThread "GC Thread#1" [stack: 0x000000de3b100000,0x000000de3b200000] [id=14920]
  0x000001f3f4d98480 WorkerThread "GC Thread#2" [stack: 0x000000de3b200000,0x000000de3b300000] [id=7276]
  0x000001f3f08caed0 WorkerThread "GC Thread#3" [stack: 0x000000de3b300000,0x000000de3b400000] [id=18052]
  0x000001f3f08cbce0 WorkerThread "GC Thread#4" [stack: 0x000000de3b400000,0x000000de3b500000] [id=8012]
  0x000001f3f08cb740 WorkerThread "GC Thread#5" [stack: 0x000000de3b500000,0x000000de3b600000] [id=16192]
  0x000001f3d6a48f40 ConcurrentGCThread "G1 Main Marker" [stack: 0x000000de3a000000,0x000000de3a100000] [id=9096]
  0x000001f3d6a4ab20 WorkerThread "G1 Conc#0" [stack: 0x000000de3a100000,0x000000de3a200000] [id=18388]
  0x000001f3d6ab2770 ConcurrentGCThread "G1 Refine#0" [stack: 0x000000de3a200000,0x000000de3a300000] [id=19320]
  0x000001f3d6ab3150 ConcurrentGCThread "G1 Service" [stack: 0x000000de3a300000,0x000000de3a400000] [id=7388]

Threads with active compile tasks:
C2 CompilerThread0    11384 1076       4       java.util.HashSet::add (20 bytes)

VM state: not at safepoint (normal execution)

VM Mutex/Monitor currently owned by a thread: None

Heap address: 0x00000000fc000000, size: 64 MB, Compressed Oops mode: 32-bit

CDS archive(s) mapped at: [0x0000000800000000-0x0000000800c40000-0x0000000800c40000), size 12845056, SharedBaseAddress: 0x0000000800000000, ArchiveRelocationMode: 0.
Compressed class space mapped at: 0x0000000801000000-0x0000000841000000, reserved size: 1073741824
Narrow klass base: 0x0000000800000000, Narrow klass shift: 0, Narrow klass range: 0x100000000

GC Precious Log:
 CardTable entry size: 512
 Card Set container configuration: InlinePtr #cards 5 size 8 Array Of Cards #cards 12 size 40 Howl #buckets 4 coarsen threshold 1843 Howl Bitmap #cards 512 size 80 coarsen threshold 460 Card regions per heap region 1 cards per card region 2048
 CPUs: 8 total, 8 available
 Memory: 7778M
 Large Page Support: Disabled
 NUMA Support: Disabled
 Compressed Oops: Enabled (32-bit)
 Heap Region Size: 1M
 Heap Min Capacity: 64M
 Heap Initial Capacity: 64M
 Heap Max Capacity: 64M
 Pre-touch: Disabled
 Parallel Workers: 8
 Concurrent Workers: 2
 Concurrent Refinement Workers: 8
 Periodic GC: Disabled

Heap:
 garbage-first heap   total 65536K, used 14948K [0x00000000fc000000, 0x0000000100000000)
  region size 1024K, 10 young (10240K), 3 survivors (3072K)
 Metaspace       used 6102K, committed 6272K, reserved 1114112K
  class space    used 812K, committed 896K, reserved 1048576K

Heap Regions: E=young(eden), S=young(survivor), O=old, HS=humongous(starts), HC=humongous(continues), CS=collection set, F=free, OA=open archive, CA=closed archive, TAMS=top-at-mark-start (previous, next)
|   0|0x00000000fc000000, 0x00000000fc000000, 0x00000000fc100000|  0%| F|  |TAMS 0x00000000fc000000, 0x00000000fc000000| Untracked 
|   1|0x00000000fc100000, 0x00000000fc100000, 0x00000000fc200000|  0%| F|  |TAMS 0x00000000fc100000, 0x00000000fc100000| Untracked 
|   2|0x00000000fc200000, 0x00000000fc200000, 0x00000000fc300000|  0%| F|  |TAMS 0x00000000fc200000, 0x00000000fc200000| Untracked 
|   3|0x00000000fc300000, 0x00000000fc400000, 0x00000000fc400000|100%|HS|  |TAMS 0x00000000fc300000, 0x00000000fc300000| Complete 
|   4|0x00000000fc400000, 0x00000000fc500000, 0x00000000fc500000|100%|HC|  |TAMS 0x00000000fc400000, 0x00000000fc400000| Complete 
|   5|0x00000000fc500000, 0x00000000fc600000, 0x00000000fc600000|100%|HC|  |TAMS 0x00000000fc500000, 0x00000000fc500000| Complete 
|   6|0x00000000fc600000, 0x00000000fc700000, 0x00000000fc700000|100%| O|  |TAMS 0x00000000fc600000, 0x00000000fc600000| Untracked 
|   7|0x00000000fc700000, 0x00000000fc800000, 0x00000000fc800000|100%| O|  |TAMS 0x00000000fc700000, 0x00000000fc700000| Untracked 
|   8|0x00000000fc800000, 0x00000000fc900000, 0x00000000fc900000|100%| O|  |TAMS 0x00000000fc800000, 0x00000000fc800000| Untracked 
|   9|0x00000000fc900000, 0x00000000fc999200, 0x00000000fca00000| 59%| O|  |TAMS 0x00000000fc900000, 0x00000000fc900000| Untracked 
|  10|0x00000000fca00000, 0x00000000fca00000, 0x00000000fcb00000|  0%| F|  |TAMS 0x00000000fca00000, 0x00000000fca00000| Untracked 
|  11|0x00000000fcb00000, 0x00000000fcb00000, 0x00000000fcc00000|  0%| F|  |TAMS 0x00000000fcb00000, 0x00000000fcb00000| Untracked 
|  12|0x00000000fcc00000, 0x00000000fcc00000, 0x00000000fcd00000|  0%| F|  |TAMS 0x00000000fcc00000, 0x00000000fcc00000| Untracked 
|  13|0x00000000fcd00000, 0x00000000fcd00000, 0x00000000fce00000|  0%| F|  |TAMS 0x00000000fcd00000, 0x00000000fcd00000| Untracked 
|  14|0x00000000fce00000, 0x00000000fce00000, 0x00000000fcf00000|  0%| F|  |TAMS 0x00000000fce00000, 0x00000000fce00000| Untracked 
|  15|0x00000000fcf00000, 0x00000000fcf00000, 0x00000000fd000000|  0%| F|  |TAMS 0x00000000fcf00000, 0x00000000fcf00000| Untracked 
|  16|0x00000000fd000000, 0x00000000fd000000, 0x00000000fd100000|  0%| F|  |TAMS 0x00000000fd000000, 0x00000000fd000000| Untracked 
|  17|0x00000000fd100000, 0x00000000fd100000, 0x00000000fd200000|  0%| F|  |TAMS 0x00000000fd100000, 0x00000000fd100000| Untracked 
|  18|0x00000000fd200000, 0x00000000fd200000, 0x00000000fd300000|  0%| F|  |TAMS 0x00000000fd200000, 0x00000000fd200000| Untracked 
|  19|0x00000000fd300000, 0x00000000fd300000, 0x00000000fd400000|  0%| F|  |TAMS 0x00000000fd300000, 0x00000000fd300000| Untracked 
|  20|0x00000000fd400000, 0x00000000fd400000, 0x00000000fd500000|  0%| F|  |TAMS 0x00000000fd400000, 0x00000000fd400000| Untracked 
|  21|0x00000000fd500000, 0x00000000fd500000, 0x00000000fd600000|  0%| F|  |TAMS 0x00000000fd500000, 0x00000000fd500000| Untracked 
|  22|0x00000000fd600000, 0x00000000fd600000, 0x00000000fd700000|  0%| F|  |TAMS 0x00000000fd600000, 0x00000000fd600000| Untracked 
|  23|0x00000000fd700000, 0x00000000fd700000, 0x00000000fd800000|  0%| F|  |TAMS 0x00000000fd700000, 0x00000000fd700000| Untracked 
|  24|0x00000000fd800000, 0x00000000fd800000, 0x00000000fd900000|  0%| F|  |TAMS 0x00000000fd800000, 0x00000000fd800000| Untracked 
|  25|0x00000000fd900000, 0x00000000fd900000, 0x00000000fda00000|  0%| F|  |TAMS 0x00000000fd900000, 0x00000000fd900000| Untracked 
|  26|0x00000000fda00000, 0x00000000fda00000, 0x00000000fdb00000|  0%| F|  |TAMS 0x00000000fda00000, 0x00000000fda00000| Untracked 
|  27|0x00000000fdb00000, 0x00000000fdb00000, 0x00000000fdc00000|  0%| F|  |TAMS 0x00000000fdb00000, 0x00000000fdb00000| Untracked 
|  28|0x00000000fdc00000, 0x00000000fdc00000, 0x00000000fdd00000|  0%| F|  |TAMS 0x00000000fdc00000, 0x00000000fdc00000| Untracked 
|  29|0x00000000fdd00000, 0x00000000fdd00000, 0x00000000fde00000|  0%| F|  |TAMS 0x00000000fdd00000, 0x00000000fdd00000| Untracked 
|  30|0x00000000fde00000, 0x00000000fde00000, 0x00000000fdf00000|  0%| F|  |TAMS 0x00000000fde00000, 0x00000000fde00000| Untracked 
|  31|0x00000000fdf00000, 0x00000000fdf00000, 0x00000000fe000000|  0%| F|  |TAMS 0x00000000fdf00000, 0x00000000fdf00000| Untracked 
|  32|0x00000000fe000000, 0x00000000fe000000, 0x00000000fe100000|  0%| F|  |TAMS 0x00000000fe000000, 0x00000000fe000000| Untracked 
|  33|0x00000000fe100000, 0x00000000fe100000, 0x00000000fe200000|  0%| F|  |TAMS 0x00000000fe100000, 0x00000000fe100000| Untracked 
|  34|0x00000000fe200000, 0x00000000fe200000, 0x00000000fe300000|  0%| F|  |TAMS 0x00000000fe200000, 0x00000000fe200000| Untracked 
|  35|0x00000000fe300000, 0x00000000fe300000, 0x00000000fe400000|  0%| F|  |TAMS 0x00000000fe300000, 0x00000000fe300000| Untracked 
|  36|0x00000000fe400000, 0x00000000fe400000, 0x00000000fe500000|  0%| F|  |TAMS 0x00000000fe400000, 0x00000000fe400000| Untracked 
|  37|0x00000000fe500000, 0x00000000fe500000, 0x00000000fe600000|  0%| F|  |TAMS 0x00000000fe500000, 0x00000000fe500000| Untracked 
|  38|0x00000000fe600000, 0x00000000fe700000, 0x00000000fe700000|100%| S|CS|TAMS 0x00000000fe600000, 0x00000000fe600000| Complete 
|  39|0x00000000fe700000, 0x00000000fe800000, 0x00000000fe800000|100%| S|CS|TAMS 0x00000000fe700000, 0x00000000fe700000| Complete 
|  40|0x00000000fe800000, 0x00000000fe900000, 0x00000000fe900000|100%| S|CS|TAMS 0x00000000fe800000, 0x00000000fe800000| Complete 
|  41|0x00000000fe900000, 0x00000000fe900000, 0x00000000fea00000|  0%| F|  |TAMS 0x00000000fe900000, 0x00000000fe900000| Untracked 
|  42|0x00000000fea00000, 0x00000000fea00000, 0x00000000feb00000|  0%| F|  |TAMS 0x00000000fea00000, 0x00000000fea00000| Untracked 
|  43|0x00000000feb00000, 0x00000000feb00000, 0x00000000fec00000|  0%| F|  |TAMS 0x00000000feb00000, 0x00000000feb00000| Untracked 
|  44|0x00000000fec00000, 0x00000000fec00000, 0x00000000fed00000|  0%| F|  |TAMS 0x00000000fec00000, 0x00000000fec00000| Untracked 
|  45|0x00000000fed00000, 0x00000000fed00000, 0x00000000fee00000|  0%| F|  |TAMS 0x00000000fed00000, 0x00000000fed00000| Untracked 
|  46|0x00000000fee00000, 0x00000000fee00000, 0x00000000fef00000|  0%| F|  |TAMS 0x00000000fee00000, 0x00000000fee00000| Untracked 
|  47|0x00000000fef00000, 0x00000000fef00000, 0x00000000ff000000|  0%| F|  |TAMS 0x00000000fef00000, 0x00000000fef00000| Untracked 
|  48|0x00000000ff000000, 0x00000000ff000000, 0x00000000ff100000|  0%| F|  |TAMS 0x00000000ff000000, 0x00000000ff000000| Untracked 
|  49|0x00000000ff100000, 0x00000000ff100000, 0x00000000ff200000|  0%| F|  |TAMS 0x00000000ff100000, 0x00000000ff100000| Untracked 
|  50|0x00000000ff200000, 0x00000000ff200000, 0x00000000ff300000|  0%| F|  |TAMS 0x00000000ff200000, 0x00000000ff200000| Untracked 
|  51|0x00000000ff300000, 0x00000000ff300000, 0x00000000ff400000|  0%| F|  |TAMS 0x00000000ff300000, 0x00000000ff300000| Untracked 
|  52|0x00000000ff400000, 0x00000000ff400000, 0x00000000ff500000|  0%| F|  |TAMS 0x00000000ff400000, 0x00000000ff400000| Untracked 
|  53|0x00000000ff500000, 0x00000000ff500000, 0x00000000ff600000|  0%| F|  |TAMS 0x00000000ff500000, 0x00000000ff500000| Untracked 
|  54|0x00000000ff600000, 0x00000000ff600000, 0x00000000ff700000|  0%| F|  |TAMS 0x00000000ff600000, 0x00000000ff600000| Untracked 
|  55|0x00000000ff700000, 0x00000000ff700000, 0x00000000ff800000|  0%| F|  |TAMS 0x00000000ff700000, 0x00000000ff700000| Untracked 
|  56|0x00000000ff800000, 0x00000000ff800000, 0x00000000ff900000|  0%| F|  |TAMS 0x00000000ff800000, 0x00000000ff800000| Untracked 
|  57|0x00000000ff900000, 0x00000000ffa00000, 0x00000000ffa00000|100%| E|  |TAMS 0x00000000ff900000, 0x00000000ff900000| Complete 
|  58|0x00000000ffa00000, 0x00000000ffb00000, 0x00000000ffb00000|100%| E|CS|TAMS 0x00000000ffa00000, 0x00000000ffa00000| Complete 
|  59|0x00000000ffb00000, 0x00000000ffc00000, 0x00000000ffc00000|100%| E|CS|TAMS 0x00000000ffb00000, 0x00000000ffb00000| Complete 
|  60|0x00000000ffc00000, 0x00000000ffd00000, 0x00000000ffd00000|100%| E|CS|TAMS 0x00000000ffc00000, 0x00000000ffc00000| Complete 
|  61|0x00000000ffd00000, 0x00000000ffe00000, 0x00000000ffe00000|100%| E|  |TAMS 0x00000000ffd00000, 0x00000000ffd00000| Complete 
|  62|0x00000000ffe00000, 0x00000000fff00000, 0x00000000fff00000|100%| E|CS|TAMS 0x00000000ffe00000, 0x00000000ffe00000| Complete 
|  63|0x00000000fff00000, 0x0000000100000000, 0x0000000100000000|100%| E|CS|TAMS 0x00000000fff00000, 0x00000000fff00000| Complete 

Card table byte_map: [0x000001f3d49e0000,0x000001f3d4a00000] _byte_map_base: 0x000001f3d4200000

Marking Bits (Prev, Next): (CMBitMap*) 0x000001f3d6a47e10, (CMBitMap*) 0x000001f3d6a47e50
 Prev Bits: [0x000001f3edcc0000, 0x000001f3eddc0000)
 Next Bits: [0x000001f3eddc0000, 0x000001f3edec0000)

Polling page: 0x000001f3d4990000

Metaspace:

Usage:
  Non-class:      5.19 MB used.
      Class:    816.12 KB used.
       Both:      5.99 MB used.

Virtual space:
  Non-class space:       64.00 MB reserved,       5.31 MB (  8%) committed,  1 nodes.
      Class space:        1.00 GB reserved,     896.00 KB ( <1%) committed,  1 nodes.
             Both:        1.06 GB reserved,       6.19 MB ( <1%) committed. 

Chunk freelists:
   Non-Class:  1.17 MB
       Class:  3.12 MB
        Both:  4.30 MB

MaxMetaspaceSize: unlimited
CompressedClassSpaceSize: 1.00 GB
Initial GC threshold: 21.00 MB
Current GC threshold: 21.00 MB
CDS: on
MetaspaceReclaimPolicy: balanced
 - commit_granule_bytes: 65536.
 - commit_granule_words: 8192.
 - virtual_space_node_default_size: 8388608.
 - enlarge_chunks_in_place: 1.
 - new_chunks_are_fully_committed: 0.
 - uncommit_free_chunks: 1.
 - use_allocation_guard: 0.


Internal statistics:

num_allocs_failed_limit: 0.
num_arena_births: 146.
num_arena_deaths: 0.
num_vsnodes_births: 2.
num_vsnodes_deaths: 0.
num_space_committed: 99.
num_space_uncommitted: 0.
num_chunks_returned_to_freelist: 0.
num_chunks_taken_from_freelist: 328.
num_chunk_merges: 0.
num_chunk_splits: 210.
num_chunks_enlarged: 153.
num_inconsistent_stats: 0.

CodeHeap 'non-profiled nmethods': size=120000Kb used=373Kb max_used=373Kb free=119626Kb
 bounds [0x000001f3e6460000, 0x000001f3e66d0000, 0x000001f3ed990000]
CodeHeap 'profiled nmethods': size=120000Kb used=2052Kb max_used=2052Kb free=117947Kb
 bounds [0x000001f3de990000, 0x000001f3dec00000, 0x000001f3e5ec0000]
CodeHeap 'non-nmethods': size=5760Kb used=1260Kb max_used=1271Kb free=4499Kb
 bounds [0x000001f3e5ec0000, 0x000001f3e6130000, 0x000001f3e6460000]
 total_blobs=1541 nmethods=1087 adapters=365
 compilation: enabled
              stopped_count=0, restarted_count=0
 full_count=0

Compilation events (20 events):
Event: 10.918 Thread 0x000001f3f08d8f60 nmethod 1071 0x000001f3deb86110 code [0x000001f3deb86600, 0x000001f3deb89398]
Event: 10.933 Thread 0x000001f3f08d8f60 1073       3       sun.invoke.util.Wrapper::forPrimitiveType (122 bytes)
Event: 10.936 Thread 0x000001f3f08d8f60 nmethod 1073 0x000001f3deb8a410 code [0x000001f3deb8a6e0, 0x000001f3deb8b218]
Event: 10.936 Thread 0x000001f3f08d8f60 1074       3       java.lang.Integer::stringSize (47 bytes)
Event: 10.936 Thread 0x000001f3f08d8f60 nmethod 1074 0x000001f3deb8b510 code [0x000001f3deb8b6c0, 0x000001f3deb8b918]
Event: 10.936 Thread 0x000001f3f08d8f60 1075       3       java.lang.Integer::getChars (121 bytes)
Event: 10.937 Thread 0x000001f3f08d8f60 nmethod 1075 0x000001f3deb8ba10 code [0x000001f3deb8bbe0, 0x000001f3deb8c038]
Event: 10.998 Thread 0x000001f3f0867930 1076       4       java.util.HashSet::add (20 bytes)
Event: 10.999 Thread 0x000001f3f08d8f60 1077       3       java.util.HashMap::putVal (300 bytes)
Event: 11.002 Thread 0x000001f3f08d8f60 nmethod 1077 0x000001f3deb8c290 code [0x000001f3deb8c540, 0x000001f3deb8d798]
Event: 11.002 Thread 0x000001f3f08d8f60 1080       3       sun.invoke.util.BytecodeDescriptor::unparse (24 bytes)
Event: 11.003 Thread 0x000001f3f08d8f60 nmethod 1080 0x000001f3deb8dc90 code [0x000001f3deb8de60, 0x000001f3deb8e068]
Event: 11.003 Thread 0x000001f3f08d8f60 1078       3       java.lang.invoke.MemberName::init (67 bytes)
Event: 11.003 Thread 0x000001f3f08d8f60 nmethod 1078 0x000001f3deb8e110 code [0x000001f3deb8e2c0, 0x000001f3deb8e4f8]
Event: 11.021 Thread 0x000001f3f08d8f60 1081       3       java.lang.invoke.MethodHandles$Lookup::isClassAccessible (53 bytes)
Event: 11.022 Thread 0x000001f3f08d8f60 nmethod 1081 0x000001f3deb8e590 code [0x000001f3deb8e7a0, 0x000001f3deb8ed78]
Event: 11.159 Thread 0x000001f3f08d8f60 1083       3       java.lang.invoke.MethodHandles$Lookup::checkAccess (232 bytes)
Event: 11.165 Thread 0x000001f3f08d8f60 nmethod 1083 0x000001f3deb8ef90 code [0x000001f3deb8f280, 0x000001f3deb90318]
Event: 11.166 Thread 0x000001f3f08d8f60 1084       1       java.lang.invoke.MethodHandleImpl::isCompileConstant (2 bytes)
Event: 11.167 Thread 0x000001f3f08d8f60 nmethod 1084 0x000001f3e64bd110 code [0x000001f3e64bd2a0, 0x000001f3e64bd358]

GC Heap History (2 events):
Event: 9.321 GC heap before
{Heap before GC invocations=0 (full 0):
 garbage-first heap   total 65536K, used 28672K [0x00000000fc000000, 0x0000000100000000)
  region size 1024K, 23 young (23552K), 0 survivors (0K)
 Metaspace       used 4038K, committed 4224K, reserved 1114112K
  class space    used 500K, committed 576K, reserved 1048576K
}
Event: 9.430 GC heap after
{Heap after GC invocations=1 (full 0):
 garbage-first heap   total 65536K, used 9828K [0x00000000fc000000, 0x0000000100000000)
  region size 1024K, 3 young (3072K), 3 survivors (3072K)
 Metaspace       used 4038K, committed 4224K, reserved 1114112K
  class space    used 500K, committed 576K, reserved 1048576K
}

Dll operation events (11 events):
Event: 0.246 Loaded shared library C:\Program Files\Java\jdk-19\bin\java.dll
Event: 0.300 Loaded shared library C:\Program Files\Java\jdk-19\bin\jsvml.dll
Event: 0.677 Loaded shared library C:\Program Files\Java\jdk-19\bin\net.dll
Event: 0.684 Loaded shared library C:\Program Files\Java\jdk-19\bin\nio.dll
Event: 0.699 Loaded shared library C:\Program Files\Java\jdk-19\bin\zip.dll
Event: 4.137 Loaded shared library C:\Program Files\Java\jdk-19\bin\jimage.dll
Event: 5.054 Loaded shared library C:\Program Files\Java\jdk-19\bin\verify.dll
Event: 8.742 Loaded shared library C:\Users\adiew\.gradle\native\e1d6ef7f7dcc3fd88c89a11ec53ec762bb8ba0a96d01ffa2cd45eb1d1d8dd5c5\windows-amd64\native-platform.dll
Event: 9.470 Loaded shared library C:\Users\adiew\.gradle\native\jansi\1.18\windows64\jansi.dll
Event: 10.892 Loaded shared library C:\Program Files\Java\jdk-19\bin\management.dll
Event: 10.914 Loaded shared library C:\Program Files\Java\jdk-19\bin\management_ext.dll

Deoptimization events (20 events):
Event: 10.304 Thread 0x000001f3d6a20170 Uncommon trap: trap_request=0xffffffde fr.pc=0x000001f3e64b9534 relative=0x0000000000000114
Event: 10.304 Thread 0x000001f3d6a20170 Uncommon trap: reason=class_check action=maybe_recompile pc=0x000001f3e64b9534 method=jdk.internal.misc.Unsafe.allocateUninitializedArray(Ljava/lang/Class;I)Ljava/lang/Object; @ 51 c2
Event: 10.304 Thread 0x000001f3d6a20170 DEOPT PACKING pc=0x000001f3e64b9534 sp=0x000000de39ef8f00
Event: 10.304 Thread 0x000001f3d6a20170 DEOPT UNPACKING pc=0x000001f3e5f2a5a3 sp=0x000000de39ef8e88 mode 2
Event: 10.466 Thread 0x000001f3d6a20170 Uncommon trap: trap_request=0xffffffc6 fr.pc=0x000001f3e64a6eb4 relative=0x0000000000000374
Event: 10.466 Thread 0x000001f3d6a20170 Uncommon trap: reason=bimorphic_or_optimized_type_check action=maybe_recompile pc=0x000001f3e64a6eb4 method=java.util.regex.Matcher.match(II)Z @ 121 c2
Event: 10.466 Thread 0x000001f3d6a20170 DEOPT PACKING pc=0x000001f3e64a6eb4 sp=0x000000de39efe240
Event: 10.466 Thread 0x000001f3d6a20170 DEOPT UNPACKING pc=0x000001f3e5f2a5a3 sp=0x000000de39efe1f8 mode 2
Event: 10.473 Thread 0x000001f3d6a20170 Uncommon trap: trap_request=0xffffffc6 fr.pc=0x000001f3e64a6eb4 relative=0x0000000000000374
Event: 10.473 Thread 0x000001f3d6a20170 Uncommon trap: reason=bimorphic_or_optimized_type_check action=maybe_recompile pc=0x000001f3e64a6eb4 method=java.util.regex.Matcher.match(II)Z @ 121 c2
Event: 10.473 Thread 0x000001f3d6a20170 DEOPT PACKING pc=0x000001f3e64a6eb4 sp=0x000000de39efe240
Event: 10.473 Thread 0x000001f3d6a20170 DEOPT UNPACKING pc=0x000001f3e5f2a5a3 sp=0x000000de39efe1f8 mode 2
Event: 10.474 Thread 0x000001f3d6a20170 Uncommon trap: trap_request=0xffffffc6 fr.pc=0x000001f3e64a6eb4 relative=0x0000000000000374
Event: 10.474 Thread 0x000001f3d6a20170 Uncommon trap: reason=bimorphic_or_optimized_type_check action=maybe_recompile pc=0x000001f3e64a6eb4 method=java.util.regex.Matcher.match(II)Z @ 121 c2
Event: 10.474 Thread 0x000001f3d6a20170 DEOPT PACKING pc=0x000001f3e64a6eb4 sp=0x000000de39efe310
Event: 10.474 Thread 0x000001f3d6a20170 DEOPT UNPACKING pc=0x000001f3e5f2a5a3 sp=0x000000de39efe2c8 mode 2
Event: 10.998 Thread 0x000001f3d6a20170 Uncommon trap: trap_request=0xffffff45 fr.pc=0x000001f3e648a5d0 relative=0x00000000000007b0
Event: 10.998 Thread 0x000001f3d6a20170 Uncommon trap: reason=unstable_if action=reinterpret pc=0x000001f3e648a5d0 method=java.util.HashMap.putVal(ILjava/lang/Object;Ljava/lang/Object;ZZ)Ljava/lang/Object; @ 236 c2
Event: 10.998 Thread 0x000001f3d6a20170 DEOPT PACKING pc=0x000001f3e648a5d0 sp=0x000000de39efd460
Event: 10.998 Thread 0x000001f3d6a20170 DEOPT UNPACKING pc=0x000001f3e5f2a5a3 sp=0x000000de39efd418 mode 2

Classes loaded (20 events):
Event: 11.002 Loading class java/util/stream/ReduceOps$2
Event: 11.007 Loading class java/util/stream/ReduceOps$2 done
Event: 11.007 Loading class java/util/stream/ReduceOps$2ReducingSink
Event: 11.009 Loading class java/util/stream/ReduceOps$2ReducingSink done
Event: 11.010 Loading class sun/management/RuntimeImpl
Event: 11.013 Loading class sun/management/RuntimeImpl done
Event: 11.015 Loading class java/util/Collections$2
Event: 11.016 Loading class java/util/Collections$2 done
Event: 11.031 Loading class sun/management/Util
Event: 11.140 Loading class sun/management/Util done
Event: 11.155 Loading class java/lang/management/ManagementPermission
Event: 11.156 Loading class java/lang/management/ManagementPermission done
Event: 11.162 Loading class java/lang/Thread$Builder$OfPlatform
Event: 11.163 Loading class java/lang/Thread$Builder
Event: 11.164 Loading class java/lang/Thread$Builder done
Event: 11.165 Loading class java/lang/Thread$Builder$OfPlatform done
Event: 11.165 Loading class java/lang/Thread$Builder$OfVirtual
Event: 11.165 Loading class java/lang/Thread$Builder$OfVirtual done
Event: 11.168 Loading class java/lang/management/ThreadInfo
Event: 11.169 Loading class java/lang/management/ThreadInfo done

Classes unloaded (0 events):
No events

Classes redefined (0 events):
No events

Internal exceptions (15 events):
Event: 1.858 Thread 0x000001f3d6a20170 Exception <a 'java/lang/NoSuchMethodError'{0x00000000ffc1ce20}: 'void java.lang.invoke.DirectMethodHandle$Holder.invokeStatic(java.lang.Object, java.lang.Object)'> (0x00000000ffc1ce20) 
thrown [s\open\src\hotspot\share\interpreter\linkResolver.cpp, line 774]
Event: 1.861 Thread 0x000001f3d6a20170 Exception <a 'java/lang/NoSuchMethodError'{0x00000000ffc20c58}: 'void java.lang.invoke.DirectMethodHandle$Holder.invokeSpecial(java.lang.Object, java.lang.Object, java.lang.Object)'> (0x00000000ffc20c58) 
thrown [s\open\src\hotspot\share\interpreter\linkResolver.cpp, line 774]
Event: 1.931 Thread 0x000001f3d6a20170 Exception <a 'java/lang/NoSuchMethodError'{0x00000000ffc73e08}: 'void java.lang.invoke.DirectMethodHandle$Holder.invokeStatic(java.lang.Object, java.lang.Object, java.lang.Object)'> (0x00000000ffc73e08) 
thrown [s\open\src\hotspot\share\interpreter\linkResolver.cpp, line 774]
Event: 1.980 Thread 0x000001f3d6a20170 Exception <a 'java/lang/NoSuchMethodError'{0x00000000ffcfd1a0}: 'java.lang.Object java.lang.invoke.Invokers$Holder.invokeExact_MT(java.lang.Object, java.lang.Object, java.lang.Object, java.lang.Object, java.lang.Object)'> (0x00000000ffcfd1a0) 
thrown [s\open\src\hotspot\share\interpreter\linkResolver.cpp, line 774]
Event: 2.017 Thread 0x000001f3d6a20170 Exception <a 'java/lang/NoSuchMethodError'{0x00000000ffb66880}: 'int java.lang.invoke.DirectMethodHandle$Holder.invokeStaticInit(java.lang.Object, java.lang.Object)'> (0x00000000ffb66880) 
thrown [s\open\src\hotspot\share\interpreter\linkResolver.cpp, line 774]
Event: 8.416 Thread 0x000001f3d6a20170 Exception <a 'java/lang/NoClassDefFoundError'{0x00000000fea3aed8}: org/slf4j/impl/StaticMarkerBinder> (0x00000000fea3aed8) 
thrown [s\open\src\hotspot\share\classfile\systemDictionary.cpp, line 244]
Event: 8.507 Thread 0x000001f3d6a20170 Exception <a 'java/lang/NoSuchMethodError'{0x00000000feac2718}: 'java.lang.Object java.lang.invoke.DirectMethodHandle$Holder.invokeVirtual(java.lang.Object, java.lang.Object, java.lang.Object, java.lang.Object, java.lang.Object, java.lang.Object, java.lang.Object)'> (0x00000000feac2718) 
thrown [s\open\src\hotspot\share\interpreter\linkResolver.cpp, line 774]
Event: 8.545 Thread 0x000001f3d6a20170 Exception <a 'java/lang/NoSuchMethodError'{0x00000000fead63d8}: 'java.lang.Object java.lang.invoke.DirectMethodHandle$Holder.invokeStatic(java.lang.Object, java.lang.Object, int)'> (0x00000000fead63d8) 
thrown [s\open\src\hotspot\share\interpreter\linkResolver.cpp, line 774]
Event: 8.551 Thread 0x000001f3d6a20170 Exception <a 'java/lang/NoSuchMethodError'{0x00000000feae2100}: 'void java.lang.invoke.DelegatingMethodHandle$Holder.delegate(java.lang.Object, java.lang.Object, int, java.lang.Object)'> (0x00000000feae2100) 
thrown [s\open\src\hotspot\share\interpreter\linkResolver.cpp, line 774]
Event: 8.553 Thread 0x000001f3d6a20170 Exception <a 'java/lang/NoSuchMethodError'{0x00000000feae6260}: 'int java.lang.invoke.DirectMethodHandle$Holder.invokeSpecial(java.lang.Object, java.lang.Object, java.lang.Object)'> (0x00000000feae6260) 
thrown [s\open\src\hotspot\share\interpreter\linkResolver.cpp, line 774]
Event: 8.844 Thread 0x000001f3d6a20170 Exception <a 'java/lang/NoSuchMethodError'{0x00000000fe9817a8}: 'java.lang.Object java.lang.invoke.DirectMethodHandle$Holder.invokeVirtual(java.lang.Object, java.lang.Object, java.lang.Object)'> (0x00000000fe9817a8) 
thrown [s\open\src\hotspot\share\interpreter\linkResolver.cpp, line 774]
Event: 10.137 Thread 0x000001f3d6a20170 Exception <a 'java/lang/NoSuchMethodError'{0x00000000ffcc5248}: 'java.lang.Object java.lang.invoke.DirectMethodHandle$Holder.invokeVirtual(java.lang.Object, java.lang.Object, java.lang.Object, java.lang.Object)'> (0x00000000ffcc5248) 
thrown [s\open\src\hotspot\share\interpreter\linkResolver.cpp, line 774]
Event: 10.266 Thread 0x000001f3d6a20170 Exception <a 'java/lang/NoSuchMethodError'{0x00000000ffb68080}: 'java.lang.Object java.lang.invoke.DirectMethodHandle$Holder.invokeVirtual(java.lang.Object, java.lang.Object, java.lang.Object, java.lang.Object, java.lang.Object, java.lang.Object)'> (0x00000000ffb68080) 
thrown [s\open\src\hotspot\share\interpreter\linkResolver.cpp, line 774]
Event: 10.369 Thread 0x000001f3d6a20170 Exception <a 'java/lang/NoSuchMethodError'{0x00000000ffbfe318}: 'java.lang.Object java.lang.invoke.DirectMethodHandle$Holder.invokeInterface(java.lang.Object, java.lang.Object, java.lang.Object)'> (0x00000000ffbfe318) 
thrown [s\open\src\hotspot\share\interpreter\linkResolver.cpp, line 774]
Event: 10.853 Thread 0x000001f3d6a20170 Exception <a 'java/lang/NoSuchMethodError'{0x00000000ff95af10}: 'java.lang.Object java.lang.invoke.DirectMethodHandle$Holder.invokeStaticInit(java.lang.Object)'> (0x00000000ff95af10) 
thrown [s\open\src\hotspot\share\interpreter\linkResolver.cpp, line 774]

VM Operations (20 events):
Event: 6.368 Executing VM operation: HandshakeAllThreads
Event: 6.368 Executing VM operation: HandshakeAllThreads done
Event: 7.370 Executing VM operation: Cleanup
Event: 7.402 Executing VM operation: Cleanup done
Event: 8.376 Executing VM operation: HandshakeAllThreads
Event: 8.376 Executing VM operation: HandshakeAllThreads done
Event: 8.378 Executing VM operation: HandshakeAllThreads
Event: 8.378 Executing VM operation: HandshakeAllThreads done
Event: 8.542 Executing VM operation: HandshakeAllThreads
Event: 8.543 Executing VM operation: HandshakeAllThreads done
Event: 8.543 Executing VM operation: Cleanup
Event: 8.543 Executing VM operation: Cleanup done
Event: 9.311 Executing VM operation: G1CollectForAllocation
Event: 9.430 Executing VM operation: G1CollectForAllocation done
Event: 9.979 Executing VM operation: HandshakeAllThreads
Event: 9.979 Executing VM operation: HandshakeAllThreads done
Event: 10.037 Executing VM operation: HandshakeAllThreads
Event: 10.046 Executing VM operation: HandshakeAllThreads done
Event: 11.060 Executing VM operation: Cleanup
Event: 11.156 Executing VM operation: Cleanup done

Events (13 events):
Event: 0.301 Thread 0x000001f3d6a20170 Thread added: 0x000001f3d6a20170
Event: 0.365 Thread 0x000001f3d6aed970 Thread added: 0x000001f3d6aed970
Event: 0.366 Thread 0x000001f3d6aee2a0 Thread added: 0x000001f3d6aee2a0
Event: 0.367 Thread 0x000001f3f0864f60 Thread added: 0x000001f3f0864f60
Event: 0.368 Thread 0x000001f3f0865890 Thread added: 0x000001f3f0865890
Event: 0.368 Thread 0x000001f3f08661c0 Thread added: 0x000001f3f08661c0
Event: 0.369 Thread 0x000001f3f0866be0 Thread added: 0x000001f3f0866be0
Event: 0.369 Thread 0x000001f3f0867930 Thread added: 0x000001f3f0867930
Event: 0.379 Thread 0x000001f3f08d8f60 Thread added: 0x000001f3f08d8f60
Event: 0.382 Thread 0x000001f3f08f35b0 Thread added: 0x000001f3f08f35b0
Event: 0.575 Thread 0x000001f3f4c6f540 Thread added: 0x000001f3f4c6f540
Event: 0.635 Thread 0x000001f3f4c72710 Thread added: 0x000001f3f4c72710
Event: 9.697 Thread 0x000001f3f4ec2e20 Thread added: 0x000001f3f4ec2e20


Dynamic libraries:
0x00007ff60f0b0000 - 0x00007ff60f0c0000 	C:\Program Files\Java\jdk-19\bin\java.exe
0x00007ffdedcc0000 - 0x00007ffdedec9000 	C:\WINDOWS\SYSTEM32\ntdll.dll
0x00007ffded180000 - 0x00007ffded23e000 	C:\WINDOWS\System32\KERNEL32.DLL
0x00007ffdeb3d0000 - 0x00007ffdeb74c000 	C:\WINDOWS\System32\KERNELBASE.dll
0x00007ffdeb2b0000 - 0x00007ffdeb3c1000 	C:\WINDOWS\System32\ucrtbase.dll
0x00007ffde53d0000 - 0x00007ffde53eb000 	C:\Program Files\Java\jdk-19\bin\VCRUNTIME140.dll
0x00007ffde2120000 - 0x00007ffde2138000 	C:\Program Files\Java\jdk-19\bin\jli.dll
0x00007ffded0d0000 - 0x00007ffded17e000 	C:\WINDOWS\System32\ADVAPI32.dll
0x00007ffdebf40000 - 0x00007ffdebfe3000 	C:\WINDOWS\System32\msvcrt.dll
0x00007ffded500000 - 0x00007ffded59e000 	C:\WINDOWS\System32\sechost.dll
0x00007ffdebb40000 - 0x00007ffdebc60000 	C:\WINDOWS\System32\RPCRT4.dll
0x00007ffdec2f0000 - 0x00007ffdec49d000 	C:\WINDOWS\System32\USER32.dll
0x00007ffdeb750000 - 0x00007ffdeb776000 	C:\WINDOWS\System32\win32u.dll
0x00007ffded270000 - 0x00007ffded299000 	C:\WINDOWS\System32\GDI32.dll
0x00007ffdeb190000 - 0x00007ffdeb2a8000 	C:\WINDOWS\System32\gdi32full.dll
0x00007ffdeb800000 - 0x00007ffdeb89d000 	C:\WINDOWS\System32\msvcp_win.dll
0x00007ffdd62f0000 - 0x00007ffdd6595000 	C:\WINDOWS\WinSxS\amd64_microsoft.windows.common-controls_6595b64144ccf1df_6.0.22000.120_none_9d947278b86cc467\COMCTL32.dll
0x00007ffde4330000 - 0x00007ffde433a000 	C:\WINDOWS\SYSTEM32\VERSION.dll
0x00007ffded2b0000 - 0x00007ffded2e2000 	C:\WINDOWS\System32\IMM32.DLL
0x00007ffde4ea0000 - 0x00007ffde4eac000 	C:\Program Files\Java\jdk-19\bin\vcruntime140_1.dll
0x00007ffdd6c60000 - 0x00007ffdd6cee000 	C:\Program Files\Java\jdk-19\bin\msvcp140.dll
0x00007ffda24d0000 - 0x00007ffda3190000 	C:\Program Files\Java\jdk-19\bin\server\jvm.dll
0x00007ffde4e70000 - 0x00007ffde4e79000 	C:\WINDOWS\SYSTEM32\WSOCK32.dll
0x00007ffdebff0000 - 0x00007ffdec05f000 	C:\WINDOWS\System32\WS2_32.dll
0x00007ffde27c0000 - 0x00007ffde27f3000 	C:\WINDOWS\SYSTEM32\WINMM.dll
0x00007ffdea1e0000 - 0x00007ffdea1f8000 	C:\WINDOWS\SYSTEM32\kernel.appcore.dll
0x00007ffde4e50000 - 0x00007ffde4e5a000 	C:\Program Files\Java\jdk-19\bin\jimage.dll
0x00007ffde49d0000 - 0x00007ffde4bf1000 	C:\WINDOWS\SYSTEM32\DBGHELP.DLL
0x00007ffde4810000 - 0x00007ffde4841000 	C:\WINDOWS\SYSTEM32\dbgcore.DLL
0x00007ffdeb780000 - 0x00007ffdeb7ff000 	C:\WINDOWS\System32\bcryptPrimitives.dll
0x00007ffddb7f0000 - 0x00007ffddb816000 	C:\Program Files\Java\jdk-19\bin\java.dll
0x00007ffdc57b0000 - 0x00007ffdc5887000 	C:\Program Files\Java\jdk-19\bin\jsvml.dll
0x00007ffdec880000 - 0x00007ffded045000 	C:\WINDOWS\System32\SHELL32.dll
0x00007ffde9240000 - 0x00007ffde9aa5000 	C:\WINDOWS\SYSTEM32\windows.storage.dll
0x00007ffdec500000 - 0x00007ffdec878000 	C:\WINDOWS\System32\combase.dll
0x00007ffde90d0000 - 0x00007ffde9236000 	C:\WINDOWS\SYSTEM32\wintypes.dll
0x00007ffded610000 - 0x00007ffded6fa000 	C:\WINDOWS\System32\SHCORE.dll
0x00007ffded5b0000 - 0x00007ffded60d000 	C:\WINDOWS\System32\shlwapi.dll
0x00007ffdeb0c0000 - 0x00007ffdeb0e1000 	C:\WINDOWS\SYSTEM32\profapi.dll
0x00007ffde0db0000 - 0x00007ffde0dc3000 	C:\Program Files\Java\jdk-19\bin\net.dll
0x00007ffde62c0000 - 0x00007ffde63d4000 	C:\WINDOWS\SYSTEM32\WINHTTP.dll
0x00007ffdea6b0000 - 0x00007ffdea717000 	C:\WINDOWS\system32\mswsock.dll
0x00007ffde0cf0000 - 0x00007ffde0d06000 	C:\Program Files\Java\jdk-19\bin\nio.dll
0x00007ffddfcd0000 - 0x00007ffddfce8000 	C:\Program Files\Java\jdk-19\bin\zip.dll
0x00007ffde46c0000 - 0x00007ffde46d0000 	C:\Program Files\Java\jdk-19\bin\verify.dll
0x00007ffddb7c0000 - 0x00007ffddb7e7000 	C:\Users\adiew\.gradle\native\e1d6ef7f7dcc3fd88c89a11ec53ec762bb8ba0a96d01ffa2cd45eb1d1d8dd5c5\windows-amd64\native-platform.dll
0x00007ffdd9d50000 - 0x00007ffdd9d5a000 	C:\Users\adiew\.gradle\native\jansi\1.18\windows64\jansi.dll
0x00007ffde2000000 - 0x00007ffde200a000 	C:\Program Files\Java\jdk-19\bin\management.dll
0x00007ffde0710000 - 0x00007ffde071b000 	C:\Program Files\Java\jdk-19\bin\management_ext.dll
0x00007ffded2a0000 - 0x00007ffded2a8000 	C:\WINDOWS\System32\PSAPI.DLL

dbghelp: loaded successfully - version: 4.0.5 - missing functions: none
symbol engine: initialized successfully - sym options: 0x614 - pdb path: .;C:\Program Files\Java\jdk-19\bin;C:\WINDOWS\SYSTEM32;C:\WINDOWS\WinSxS\amd64_microsoft.windows.common-controls_6595b64144ccf1df_6.0.22000.120_none_9d947278b86cc467;C:\Program Files\Java\jdk-19\bin\server;C:\Users\adiew\.gradle\native\e1d6ef7f7dcc3fd88c89a11ec53ec762bb8ba0a96d01ffa2cd45eb1d1d8dd5c5\windows-amd64;C:\Users\adiew\.gradle\native\jansi\1.18\windows64

VM Arguments:
jvm_args: -Xmx64m -Xms64m -Dorg.gradle.appname=gradlew 
java_command: org.gradle.wrapper.GradleWrapperMain app:installDebug -PreactNativeDevServerPort=8081
java_class_path (initial): C:\Users\adiew\OneDrive\Documents\GitHub\CockysCoders\android\\gradle\wrapper\gradle-wrapper.jar
Launcher Type: SUN_STANDARD

[Global flags]
     intx CICompilerCount                          = 4                                         {product} {ergonomic}
     uint ConcGCThreads                            = 2                                         {product} {ergonomic}
     uint G1ConcRefinementThreads                  = 8                                         {product} {ergonomic}
   size_t G1HeapRegionSize                         = 1048576                                   {product} {ergonomic}
    uintx GCDrainStackTargetSize                   = 64                                        {product} {ergonomic}
   size_t InitialHeapSize                          = 67108864                                  {product} {command line}
   size_t MarkStackSize                            = 4194304                                   {product} {ergonomic}
   size_t MaxHeapSize                              = 67108864                                  {product} {command line}
   size_t MaxNewSize                               = 39845888                                  {product} {ergonomic}
   size_t MinHeapDeltaBytes                        = 1048576                                   {product} {ergonomic}
   size_t MinHeapSize                              = 67108864                                  {product} {command line}
    uintx NonNMethodCodeHeapSize                   = 5839372                                {pd product} {ergonomic}
    uintx NonProfiledCodeHeapSize                  = 122909434                              {pd product} {ergonomic}
    uintx ProfiledCodeHeapSize                     = 122909434                              {pd product} {ergonomic}
    uintx ReservedCodeCacheSize                    = 251658240                              {pd product} {ergonomic}
     bool SegmentedCodeCache                       = true                                      {product} {ergonomic}
   size_t SoftMaxHeapSize                          = 67108864                               {manageable} {ergonomic}
     bool UseCompressedClassPointers               = true                           {product lp64_product} {ergonomic}
     bool UseCompressedOops                        = true                           {product lp64_product} {ergonomic}
     bool UseG1GC                                  = true                                      {product} {ergonomic}
     bool UseLargePagesIndividualAllocation        = false                                  {pd product} {ergonomic}

Logging:
Log output configuration:
 #0: stdout all=warning uptime,level,tags foldmultilines=false
 #1: stderr all=off uptime,level,tags foldmultilines=false

Environment Variables:
JAVA_HOME=C:\Program Files\Java\jdk-19
CLASSPATH=C:\Users\adiew\OneDrive\Documents\GitHub\CockysCoders\android\\gradle\wrapper\gradle-wrapper.jar
PATH=C:\Users\adiew\OneDrive\Documents\GitHub\CockysCoders\android\node_modules\.bin;C:\Users\adiew\OneDrive\Documents\GitHub\CockysCoders\node_modules\.bin;C:\Users\adiew\OneDrive\Documents\GitHub\node_modules\.bin;C:\Users\adiew\OneDrive\Documents\node_modules\.bin;C:\Users\adiew\OneDrive\node_modules\.bin;C:\Users\adiew\node_modules\.bin;C:\Users\node_modules\.bin;C:\node_modules\.bin;C:\Program Files\nodejs;C:\Users\adiew\OneDrive\Documents\GitHub\CockysCoders\node_modules\.bin;C:\Users\adiew\OneDrive\Documents\GitHub\CockysCoders\node_modules\.bin;C:\Users\adiew\OneDrive\Documents\GitHub\node_modules\.bin;C:\Users\adiew\OneDrive\Documents\node_modules\.bin;C:\Users\adiew\OneDrive\node_modules\.bin;C:\Users\adiew\node_modules\.bin;C:\Users\node_modules\.bin;C:\node_modules\.bin;C:\Program Files\nodejs\node_modules\npm\node_modules\@npmcli\run-script\lib\node-gyp-bin;C:\Program Files\Common Files\Oracle\Java\javapath;C:\Program Files (x86)\Common Files\Oracle\Java\javapath;C:\Python27\;C:\Python27\Scripts;C:\WINDOWS\system32;C:\WINDOWS;C:\WINDOWS\System32\Wbem;C:\WINDOWS\System32\WindowsPowerShell\v1.0\;C:\WINDOWS\System32\OpenSSH\;C:\ProgramData\chocolatey\bin;C:\Program Files\nodejs\;C:\Program Files\Git\cmd;C:\Users\adiew\AppData\Local\Microsoft\WindowsApps;C:\Users\adiew\AppData\Local\Programs\Microsoft VS Code\bin;C:\Users\adiew\AppData\Local\Android\Sdk\platform-tools;C:\Users\adiew\AppData\Roaming\npm;C:\Users\adiew\AppData\Local\GitHubDesktop\bin
USERNAME=adiew
OS=Windows_NT
PROCESSOR_IDENTIFIER=Intel64 Family 6 Model 126 Stepping 5, GenuineIntel
TMP=C:\Users\adiew\AppData\Local\Temp
TEMP=C:\Users\adiew\AppData\Local\Temp



---------------  S Y S T E M  ---------------

OS:
 Windows 11 , 64 bit Build 22000 (10.0.22000.1516)
OS uptime: 17 days 23:37 hours
Hyper-V role detected

CPU: total 8 (initial active 8) (4 cores per cpu, 2 threads per core) family 6 model 126 stepping 5 microcode 0xb0, cx8, cmov, fxsr, ht, mmx, 3dnowpref, sse, sse2, sse3, ssse3, sse4.1, sse4.2, popcnt, lzcnt, tsc, tscinvbit, avx, avx2, aes, erms, clmul, bmi1, bmi2, adx, avx512f, avx512dq, avx512cd, avx512bw, avx512vl, sha, fma, vzeroupper, avx512_vpopcntdq, avx512_vpclmulqdq, avx512_vaes, avx512_vnni, clflush, clflushopt, avx512_vbmi2, avx512_vbmi, hv, rdtscp, rdpid, fsrm, gfni, avx512_bitalg

Memory: 4k page, system-wide physical 7778M (310M free)
TotalPageFile size 22905M (AvailPageFile size 6M)
current process WorkingSet (physical memory assigned to process): 84M, peak: 85M
current process commit charge ("private bytes"): 160M, peak: 161M

vm_info: Java HotSpot(TM) 64-Bit Server VM (19.0.1+10-21) for windows-amd64 JRE (19.0.1+10-21), built on 2022-09-14T12:45:06Z by "mach5one" with MS VC++ 17.1 (VS2022)

END.
